<?xml version="1.0" encoding="UTF-8"?>
<!-- Generated by org.testng.reporters.JUnitXMLReporter -->
<testsuite ignored="0" hostname="DESKTOP-2B05C2G" failures="1" tests="4" name="Test" time="448.882" errors="0" timestamp="2025-06-19T20:36:16 EDT">
  <testcase classname="AmazonPractice.TC_9AddToCart" name="loginwithDDT" time="125.249">
    <skipped/>
  </testcase> <!-- loginwithDDT -->
  <testcase classname="AmazonPractice.TC_9AddToCart" name="loginwithDDT" time="124.944">
    <skipped/>
  </testcase> <!-- loginwithDDT -->
  <testcase classname="AmazonPractice.TC_9AddToCart" name="loginwithDDT" time="126.329">
    <failure type="java.lang.NullPointerException" message="Cannot invoke &amp;quot;org.openqa.selenium.WebDriver.getClass()&amp;quot; because &amp;quot;exceptionDriver&amp;quot; is null">
      <![CDATA[java.lang.NullPointerException: Cannot invoke "org.openqa.selenium.WebDriver.getClass()" because "exceptionDriver" is null
at org.openqa.selenium.support.ui.WebDriverWait.timeoutException(WebDriverWait.java:85)
at org.openqa.selenium.support.ui.FluentWait.until(FluentWait.java:228)
at AmazonPractice.AmazonHomeLoginPage.verifyAccount(AmazonHomeLoginPage.java:170)
at AmazonPractice.TC_9AddToCart.loginwithDDT(TC_9AddToCart.java:31)
at java.base/java.util.ArrayList.forEach(ArrayList.java:1511)
... Removed 31 stack frames]]>
    </failure>
  </testcase> <!-- loginwithDDT -->
  <testcase classname="AmazonPractice.TC_9AddToCart" name="loginwithDDT" time="54.276"/>
</testsuite> <!-- Test -->
