<?xml version="1.0" encoding="UTF-8"?>
<testsuite xmlns:xsi="http://www.w3.org/2001/XMLSchema-instance" xsi:noNamespaceSchemaLocation="https://maven.apache.org/surefire/maven-surefire-plugin/xsd/surefire-test-report.xsd" version="3.0.2" name="TestSuite" time="3953.538" tests="44" errors="0" skipped="26" failures="12">
  <properties>
[...]
</properties>
  <testcase name="registration[, , , 0](1)" classname="AmazonPractice.TC_1AmazonRegistration" time="0.0">
    <skipped message="no such element: Unable to locate element: {&quot;method&quot;:&quot;css selector&quot;,&quot;selector&quot;:&quot;#ap_email_login&quot;}&#10;  (Session info: chrome=137.0.7151.119)&#10;For documentation on this error, please visit: https://www.selenium.dev/documentation/webdriver/troubleshooting/errors#no-such-element-exception&#10;Build info: version: &apos;4.33.0&apos;, revision: &apos;2c6aaad03a&apos;&#10;System info: os.name: &apos;Windows 11&apos;, os.arch: &apos;amd64&apos;, os.version: &apos;10.0&apos;, java.version: &apos;17.0.12&apos;&#10;Driver info: org.openqa.selenium.chrome.ChromeDriver&#10;Command: [97f05c9744878096613fea62637f5534, findElement {using=id, value=ap_email_login}]&#10;Capabilities {acceptInsecureCerts: false, browserName: chrome, browserVersion: 137.0.7151.119, chrome: {chromedriverVersion: 137.0.7151.119 (e0ac9d12dff..., userDataDir: C:\Users\ganesh\AppData\Loc...}, fedcm:accounts: true, goog:chromeOptions: {debuggerAddress: localhost:53848}, networkConnectionEnabled: false, pageLoadStrategy: normal, platformName: windows, proxy: Proxy(), se:cdp: ws://localhost:53848/devtoo..., se:cdpVersion: 137.0.7151.119, setWindowRect: true, strictFileInteractability: false, timeouts: {implicit: 0, pageLoad: 300000, script: 30000}, unhandledPromptBehavior: dismiss and notify, webauthn:extension:credBlob: true, webauthn:extension:largeBlob: true, webauthn:extension:minPinLength: true, webauthn:extension:prf: true, webauthn:virtualAuthenticators: true}&#10;Session ID: 97f05c9744878096613fea62637f5534"/>
    <system-err><![CDATA[SLF4J: Failed to load class "org.slf4j.impl.StaticLoggerBinder".
SLF4J: Defaulting to no-operation (NOP) logger implementation
SLF4J: See http://www.slf4j.org/codes.html#StaticLoggerBinder for further details.
ERROR StatusLogger Log4j2 could not find a logging implementation. Please add log4j-core to the classpath. Using SimpleLogger to log to the console...
]]></system-err>
  </testcase>
  <testcase name="registration[, , , 0](2)" classname="AmazonPractice.TC_1AmazonRegistration" time="0.0">
    <skipped message="no such element: Unable to locate element: {&quot;method&quot;:&quot;css selector&quot;,&quot;selector&quot;:&quot;#ap_email_login&quot;}&#10;  (Session info: chrome=137.0.7151.119)&#10;For documentation on this error, please visit: https://www.selenium.dev/documentation/webdriver/troubleshooting/errors#no-such-element-exception&#10;Build info: version: &apos;4.33.0&apos;, revision: &apos;2c6aaad03a&apos;&#10;System info: os.name: &apos;Windows 11&apos;, os.arch: &apos;amd64&apos;, os.version: &apos;10.0&apos;, java.version: &apos;17.0.12&apos;&#10;Driver info: org.openqa.selenium.chrome.ChromeDriver&#10;Command: [0aa17b17024f5d7760ed652f3006ae7f, findElement {using=id, value=ap_email_login}]&#10;Capabilities {acceptInsecureCerts: false, browserName: chrome, browserVersion: 137.0.7151.119, chrome: {chromedriverVersion: 137.0.7151.119 (e0ac9d12dff..., userDataDir: C:\Users\ganesh\AppData\Loc...}, fedcm:accounts: true, goog:chromeOptions: {debuggerAddress: localhost:54734}, networkConnectionEnabled: false, pageLoadStrategy: normal, platformName: windows, proxy: Proxy(), se:cdp: ws://localhost:54734/devtoo..., se:cdpVersion: 137.0.7151.119, setWindowRect: true, strictFileInteractability: false, timeouts: {implicit: 0, pageLoad: 300000, script: 30000}, unhandledPromptBehavior: dismiss and notify, webauthn:extension:credBlob: true, webauthn:extension:largeBlob: true, webauthn:extension:minPinLength: true, webauthn:extension:prf: true, webauthn:virtualAuthenticators: true}&#10;Session ID: 0aa17b17024f5d7760ed652f3006ae7f"/>
  </testcase>
  <testcase name="registration[, , , 0](3)" classname="AmazonPractice.TC_1AmazonRegistration" time="50.661">
    <failure message="no such element: Unable to locate element: {&quot;method&quot;:&quot;css selector&quot;,&quot;selector&quot;:&quot;#ap_email_login&quot;}&#10;  (Session info: chrome=137.0.7151.119)&#10;For documentation on this error, please visit: https://www.selenium.dev/documentation/webdriver/troubleshooting/errors#no-such-element-exception&#10;Build info: version: &apos;4.33.0&apos;, revision: &apos;2c6aaad03a&apos;&#10;System info: os.name: &apos;Windows 11&apos;, os.arch: &apos;amd64&apos;, os.version: &apos;10.0&apos;, java.version: &apos;17.0.12&apos;&#10;Driver info: org.openqa.selenium.chrome.ChromeDriver&#10;Command: [6b2a70d485dc21b6ee04a25a2bb95390, findElement {using=id, value=ap_email_login}]&#10;Capabilities {acceptInsecureCerts: false, browserName: chrome, browserVersion: 137.0.7151.119, chrome: {chromedriverVersion: 137.0.7151.119 (e0ac9d12dff..., userDataDir: C:\Users\ganesh\AppData\Loc...}, fedcm:accounts: true, goog:chromeOptions: {debuggerAddress: localhost:55109}, networkConnectionEnabled: false, pageLoadStrategy: normal, platformName: windows, proxy: Proxy(), se:cdp: ws://localhost:55109/devtoo..., se:cdpVersion: 137.0.7151.119, setWindowRect: true, strictFileInteractability: false, timeouts: {implicit: 0, pageLoad: 300000, script: 30000}, unhandledPromptBehavior: dismiss and notify, webauthn:extension:credBlob: true, webauthn:extension:largeBlob: true, webauthn:extension:minPinLength: true, webauthn:extension:prf: true, webauthn:virtualAuthenticators: true}&#10;Session ID: 6b2a70d485dc21b6ee04a25a2bb95390" type="org.openqa.selenium.NoSuchElementException"><![CDATA[org.openqa.selenium.NoSuchElementException: 
no such element: Unable to locate element: {"method":"css selector","selector":"#ap_email_login"}
  (Session info: chrome=137.0.7151.119)
For documentation on this error, please visit: https://www.selenium.dev/documentation/webdriver/troubleshooting/errors#no-such-element-exception
Build info: version: '4.33.0', revision: '2c6aaad03a'
System info: os.name: 'Windows 11', os.arch: 'amd64', os.version: '10.0', java.version: '17.0.12'
Driver info: org.openqa.selenium.chrome.ChromeDriver
Command: [6b2a70d485dc21b6ee04a25a2bb95390, findElement {using=id, value=ap_email_login}]
Capabilities {acceptInsecureCerts: false, browserName: chrome, browserVersion: 137.0.7151.119, chrome: {chromedriverVersion: 137.0.7151.119 (e0ac9d12dff..., userDataDir: C:\Users\ganesh\AppData\Loc...}, fedcm:accounts: true, goog:chromeOptions: {debuggerAddress: localhost:55109}, networkConnectionEnabled: false, pageLoadStrategy: normal, platformName: windows, proxy: Proxy(), se:cdp: ws://localhost:55109/devtoo..., se:cdpVersion: 137.0.7151.119, setWindowRect: true, strictFileInteractability: false, timeouts: {implicit: 0, pageLoad: 300000, script: 30000}, unhandledPromptBehavior: dismiss and notify, webauthn:extension:credBlob: true, webauthn:extension:largeBlob: true, webauthn:extension:minPinLength: true, webauthn:extension:prf: true, webauthn:virtualAuthenticators: true}
Session ID: 6b2a70d485dc21b6ee04a25a2bb95390
	at java.base/jdk.internal.reflect.NativeConstructorAccessorImpl.newInstance0(Native Method)
	at java.base/jdk.internal.reflect.NativeConstructorAccessorImpl.newInstance(NativeConstructorAccessorImpl.java:77)
	at java.base/jdk.internal.reflect.DelegatingConstructorAccessorImpl.newInstance(DelegatingConstructorAccessorImpl.java:45)
	at java.base/java.lang.reflect.Constructor.newInstanceWithCaller(Constructor.java:499)
	at java.base/java.lang.reflect.Constructor.newInstance(Constructor.java:480)
	at org.openqa.selenium.remote.ErrorCodec.decode(ErrorCodec.java:167)
	at org.openqa.selenium.remote.codec.w3c.W3CHttpResponseCodec.decode(W3CHttpResponseCodec.java:138)
	at org.openqa.selenium.remote.codec.w3c.W3CHttpResponseCodec.decode(W3CHttpResponseCodec.java:50)
	at org.openqa.selenium.remote.HttpCommandExecutor.execute(HttpCommandExecutor.java:215)
	at org.openqa.selenium.remote.service.DriverCommandExecutor.invokeExecute(DriverCommandExecutor.java:216)
	at org.openqa.selenium.remote.service.DriverCommandExecutor.execute(DriverCommandExecutor.java:174)
	at org.openqa.selenium.remote.RemoteWebDriver.execute(RemoteWebDriver.java:544)
	at org.openqa.selenium.remote.ElementLocation$ElementFinder$2.findElement(ElementLocation.java:165)
	at org.openqa.selenium.remote.ElementLocation.findElement(ElementLocation.java:66)
	at org.openqa.selenium.remote.RemoteWebDriver.findElement(RemoteWebDriver.java:367)
	at org.openqa.selenium.remote.RemoteWebDriver.findElement(RemoteWebDriver.java:361)
	at org.openqa.selenium.support.pagefactory.DefaultElementLocator.findElement(DefaultElementLocator.java:68)
	at org.openqa.selenium.support.pagefactory.internal.LocatingElementHandler.invoke(LocatingElementHandler.java:38)
	at jdk.proxy2/jdk.proxy2.$Proxy13.sendKeys(Unknown Source)
	at AmazonPractice.AmazonRegiPage.emailSendkeys(AmazonRegiPage.java:39)
	at AmazonPractice.TC_1AmazonRegistration.registration(TC_1AmazonRegistration.java:23)
	at java.base/jdk.internal.reflect.NativeMethodAccessorImpl.invoke0(Native Method)
	at java.base/jdk.internal.reflect.NativeMethodAccessorImpl.invoke(NativeMethodAccessorImpl.java:77)
	at java.base/jdk.internal.reflect.DelegatingMethodAccessorImpl.invoke(DelegatingMethodAccessorImpl.java:43)
	at java.base/java.lang.reflect.Method.invoke(Method.java:568)
	at org.testng.internal.invokers.MethodInvocationHelper.invokeMethod(MethodInvocationHelper.java:141)
	at org.testng.internal.invokers.TestInvoker.invokeMethod(TestInvoker.java:686)
	at org.testng.internal.invokers.TestInvoker.retryFailed(TestInvoker.java:269)
	at org.testng.internal.invokers.MethodRunner.runInSequence(MethodRunner.java:76)
	at org.testng.internal.invokers.TestInvoker$MethodInvocationAgent.invoke(TestInvoker.java:992)
	at org.testng.internal.invokers.TestInvoker.invokeTestMethods(TestInvoker.java:203)
	at org.testng.internal.invokers.TestMethodWorker.invokeTestMethods(TestMethodWorker.java:154)
	at org.testng.internal.invokers.TestMethodWorker.run(TestMethodWorker.java:134)
	at java.base/java.util.ArrayList.forEach(ArrayList.java:1511)
	at org.testng.TestRunner.privateRun(TestRunner.java:739)
	at org.testng.TestRunner.run(TestRunner.java:614)
	at org.testng.SuiteRunner.runTest(SuiteRunner.java:421)
	at org.testng.SuiteRunner.runSequentially(SuiteRunner.java:413)
	at org.testng.SuiteRunner.privateRun(SuiteRunner.java:373)
	at org.testng.SuiteRunner.run(SuiteRunner.java:312)
	at org.testng.SuiteRunnerWorker.runSuite(SuiteRunnerWorker.java:52)
	at org.testng.SuiteRunnerWorker.run(SuiteRunnerWorker.java:95)
	at org.testng.TestNG.runSuitesSequentially(TestNG.java:1274)
	at org.testng.TestNG.runSuitesLocally(TestNG.java:1208)
	at org.testng.TestNG.runSuites(TestNG.java:1112)
	at org.testng.TestNG.run(TestNG.java:1079)
	at org.apache.maven.surefire.testng.TestNGExecutor.run(TestNGExecutor.java:308)
	at org.apache.maven.surefire.testng.TestNGXmlTestSuite.execute(TestNGXmlTestSuite.java:71)
	at org.apache.maven.surefire.testng.TestNGProvider.invoke(TestNGProvider.java:113)
	at org.apache.maven.surefire.booter.ForkedBooter.runSuitesInProcess(ForkedBooter.java:385)
	at org.apache.maven.surefire.booter.ForkedBooter.execute(ForkedBooter.java:162)
	at org.apache.maven.surefire.booter.ForkedBooter.run(ForkedBooter.java:507)
	at org.apache.maven.surefire.booter.ForkedBooter.main(ForkedBooter.java:495)
]]></failure>
  </testcase>
  <testcase name="registration[anujagaikwad86@gmail.com, anuja@89, , ](4)" classname="AmazonPractice.TC_1AmazonRegistration" time="0.0">
    <skipped message="no such element: Unable to locate element: {&quot;method&quot;:&quot;css selector&quot;,&quot;selector&quot;:&quot;#ap_email_login&quot;}&#10;  (Session info: chrome=137.0.7151.119)&#10;For documentation on this error, please visit: https://www.selenium.dev/documentation/webdriver/troubleshooting/errors#no-such-element-exception&#10;Build info: version: &apos;4.33.0&apos;, revision: &apos;2c6aaad03a&apos;&#10;System info: os.name: &apos;Windows 11&apos;, os.arch: &apos;amd64&apos;, os.version: &apos;10.0&apos;, java.version: &apos;17.0.12&apos;&#10;Driver info: org.openqa.selenium.chrome.ChromeDriver&#10;Command: [c53be841d5427a7af24d2ae37be1984a, findElement {using=id, value=ap_email_login}]&#10;Capabilities {acceptInsecureCerts: false, browserName: chrome, browserVersion: 137.0.7151.119, chrome: {chromedriverVersion: 137.0.7151.119 (e0ac9d12dff..., userDataDir: C:\Users\ganesh\AppData\Loc...}, fedcm:accounts: true, goog:chromeOptions: {debuggerAddress: localhost:52080}, networkConnectionEnabled: false, pageLoadStrategy: normal, platformName: windows, proxy: Proxy(), se:cdp: ws://localhost:52080/devtoo..., se:cdpVersion: 137.0.7151.119, setWindowRect: true, strictFileInteractability: false, timeouts: {implicit: 0, pageLoad: 300000, script: 30000}, unhandledPromptBehavior: dismiss and notify, webauthn:extension:credBlob: true, webauthn:extension:largeBlob: true, webauthn:extension:minPinLength: true, webauthn:extension:prf: true, webauthn:virtualAuthenticators: true}&#10;Session ID: c53be841d5427a7af24d2ae37be1984a"/>
  </testcase>
  <testcase name="registration[anujagaikwad86@gmail.com, anuja@89, , ](5)" classname="AmazonPractice.TC_1AmazonRegistration" time="0.0">
    <skipped message="no such element: Unable to locate element: {&quot;method&quot;:&quot;css selector&quot;,&quot;selector&quot;:&quot;#ap_email_login&quot;}&#10;  (Session info: chrome=137.0.7151.119)&#10;For documentation on this error, please visit: https://www.selenium.dev/documentation/webdriver/troubleshooting/errors#no-such-element-exception&#10;Build info: version: &apos;4.33.0&apos;, revision: &apos;2c6aaad03a&apos;&#10;System info: os.name: &apos;Windows 11&apos;, os.arch: &apos;amd64&apos;, os.version: &apos;10.0&apos;, java.version: &apos;17.0.12&apos;&#10;Driver info: org.openqa.selenium.chrome.ChromeDriver&#10;Command: [60f9f9e8c9d40c750bb4e62bfc5bb9df, findElement {using=id, value=ap_email_login}]&#10;Capabilities {acceptInsecureCerts: false, browserName: chrome, browserVersion: 137.0.7151.119, chrome: {chromedriverVersion: 137.0.7151.119 (e0ac9d12dff..., userDataDir: C:\Users\ganesh\AppData\Loc...}, fedcm:accounts: true, goog:chromeOptions: {debuggerAddress: localhost:51094}, networkConnectionEnabled: false, pageLoadStrategy: normal, platformName: windows, proxy: Proxy(), se:cdp: ws://localhost:51094/devtoo..., se:cdpVersion: 137.0.7151.119, setWindowRect: true, strictFileInteractability: false, timeouts: {implicit: 0, pageLoad: 300000, script: 30000}, unhandledPromptBehavior: dismiss and notify, webauthn:extension:credBlob: true, webauthn:extension:largeBlob: true, webauthn:extension:minPinLength: true, webauthn:extension:prf: true, webauthn:virtualAuthenticators: true}&#10;Session ID: 60f9f9e8c9d40c750bb4e62bfc5bb9df"/>
  </testcase>
  <testcase name="registration[anujagaikwad86@gmail.com, anuja@89, , ](6)" classname="AmazonPractice.TC_1AmazonRegistration" time="50.717">
    <failure message="no such element: Unable to locate element: {&quot;method&quot;:&quot;css selector&quot;,&quot;selector&quot;:&quot;#ap_email_login&quot;}&#10;  (Session info: chrome=137.0.7151.119)&#10;For documentation on this error, please visit: https://www.selenium.dev/documentation/webdriver/troubleshooting/errors#no-such-element-exception&#10;Build info: version: &apos;4.33.0&apos;, revision: &apos;2c6aaad03a&apos;&#10;System info: os.name: &apos;Windows 11&apos;, os.arch: &apos;amd64&apos;, os.version: &apos;10.0&apos;, java.version: &apos;17.0.12&apos;&#10;Driver info: org.openqa.selenium.chrome.ChromeDriver&#10;Command: [58364922d760e3322f5bc4351a39a5dc, findElement {using=id, value=ap_email_login}]&#10;Capabilities {acceptInsecureCerts: false, browserName: chrome, browserVersion: 137.0.7151.119, chrome: {chromedriverVersion: 137.0.7151.119 (e0ac9d12dff..., userDataDir: C:\Users\ganesh\AppData\Loc...}, fedcm:accounts: true, goog:chromeOptions: {debuggerAddress: localhost:65175}, networkConnectionEnabled: false, pageLoadStrategy: normal, platformName: windows, proxy: Proxy(), se:cdp: ws://localhost:65175/devtoo..., se:cdpVersion: 137.0.7151.119, setWindowRect: true, strictFileInteractability: false, timeouts: {implicit: 0, pageLoad: 300000, script: 30000}, unhandledPromptBehavior: dismiss and notify, webauthn:extension:credBlob: true, webauthn:extension:largeBlob: true, webauthn:extension:minPinLength: true, webauthn:extension:prf: true, webauthn:virtualAuthenticators: true}&#10;Session ID: 58364922d760e3322f5bc4351a39a5dc" type="org.openqa.selenium.NoSuchElementException"><![CDATA[org.openqa.selenium.NoSuchElementException: 
no such element: Unable to locate element: {"method":"css selector","selector":"#ap_email_login"}
  (Session info: chrome=137.0.7151.119)
For documentation on this error, please visit: https://www.selenium.dev/documentation/webdriver/troubleshooting/errors#no-such-element-exception
Build info: version: '4.33.0', revision: '2c6aaad03a'
System info: os.name: 'Windows 11', os.arch: 'amd64', os.version: '10.0', java.version: '17.0.12'
Driver info: org.openqa.selenium.chrome.ChromeDriver
Command: [58364922d760e3322f5bc4351a39a5dc, findElement {using=id, value=ap_email_login}]
Capabilities {acceptInsecureCerts: false, browserName: chrome, browserVersion: 137.0.7151.119, chrome: {chromedriverVersion: 137.0.7151.119 (e0ac9d12dff..., userDataDir: C:\Users\ganesh\AppData\Loc...}, fedcm:accounts: true, goog:chromeOptions: {debuggerAddress: localhost:65175}, networkConnectionEnabled: false, pageLoadStrategy: normal, platformName: windows, proxy: Proxy(), se:cdp: ws://localhost:65175/devtoo..., se:cdpVersion: 137.0.7151.119, setWindowRect: true, strictFileInteractability: false, timeouts: {implicit: 0, pageLoad: 300000, script: 30000}, unhandledPromptBehavior: dismiss and notify, webauthn:extension:credBlob: true, webauthn:extension:largeBlob: true, webauthn:extension:minPinLength: true, webauthn:extension:prf: true, webauthn:virtualAuthenticators: true}
Session ID: 58364922d760e3322f5bc4351a39a5dc
	at jdk.internal.reflect.GeneratedConstructorAccessor17.newInstance(Unknown Source)
	at java.base/jdk.internal.reflect.DelegatingConstructorAccessorImpl.newInstance(DelegatingConstructorAccessorImpl.java:45)
	at java.base/java.lang.reflect.Constructor.newInstanceWithCaller(Constructor.java:499)
	at java.base/java.lang.reflect.Constructor.newInstance(Constructor.java:480)
	at org.openqa.selenium.remote.ErrorCodec.decode(ErrorCodec.java:167)
	at org.openqa.selenium.remote.codec.w3c.W3CHttpResponseCodec.decode(W3CHttpResponseCodec.java:138)
	at org.openqa.selenium.remote.codec.w3c.W3CHttpResponseCodec.decode(W3CHttpResponseCodec.java:50)
	at org.openqa.selenium.remote.HttpCommandExecutor.execute(HttpCommandExecutor.java:215)
	at org.openqa.selenium.remote.service.DriverCommandExecutor.invokeExecute(DriverCommandExecutor.java:216)
	at org.openqa.selenium.remote.service.DriverCommandExecutor.execute(DriverCommandExecutor.java:174)
	at org.openqa.selenium.remote.RemoteWebDriver.execute(RemoteWebDriver.java:544)
	at org.openqa.selenium.remote.ElementLocation$ElementFinder$2.findElement(ElementLocation.java:165)
	at org.openqa.selenium.remote.ElementLocation.findElement(ElementLocation.java:66)
	at org.openqa.selenium.remote.RemoteWebDriver.findElement(RemoteWebDriver.java:367)
	at org.openqa.selenium.remote.RemoteWebDriver.findElement(RemoteWebDriver.java:361)
	at org.openqa.selenium.support.pagefactory.DefaultElementLocator.findElement(DefaultElementLocator.java:68)
	at org.openqa.selenium.support.pagefactory.internal.LocatingElementHandler.invoke(LocatingElementHandler.java:38)
	at jdk.proxy2/jdk.proxy2.$Proxy13.sendKeys(Unknown Source)
	at AmazonPractice.AmazonRegiPage.emailSendkeys(AmazonRegiPage.java:39)
	at AmazonPractice.TC_1AmazonRegistration.registration(TC_1AmazonRegistration.java:23)
	at java.base/jdk.internal.reflect.NativeMethodAccessorImpl.invoke0(Native Method)
	at java.base/jdk.internal.reflect.NativeMethodAccessorImpl.invoke(NativeMethodAccessorImpl.java:77)
	at java.base/jdk.internal.reflect.DelegatingMethodAccessorImpl.invoke(DelegatingMethodAccessorImpl.java:43)
	at java.base/java.lang.reflect.Method.invoke(Method.java:568)
	at org.testng.internal.invokers.MethodInvocationHelper.invokeMethod(MethodInvocationHelper.java:141)
	at org.testng.internal.invokers.TestInvoker.invokeMethod(TestInvoker.java:686)
	at org.testng.internal.invokers.TestInvoker.retryFailed(TestInvoker.java:269)
	at org.testng.internal.invokers.MethodRunner.runInSequence(MethodRunner.java:76)
	at org.testng.internal.invokers.TestInvoker$MethodInvocationAgent.invoke(TestInvoker.java:992)
	at org.testng.internal.invokers.TestInvoker.invokeTestMethods(TestInvoker.java:203)
	at org.testng.internal.invokers.TestMethodWorker.invokeTestMethods(TestMethodWorker.java:154)
	at org.testng.internal.invokers.TestMethodWorker.run(TestMethodWorker.java:134)
	at java.base/java.util.ArrayList.forEach(ArrayList.java:1511)
	at org.testng.TestRunner.privateRun(TestRunner.java:739)
	at org.testng.TestRunner.run(TestRunner.java:614)
	at org.testng.SuiteRunner.runTest(SuiteRunner.java:421)
	at org.testng.SuiteRunner.runSequentially(SuiteRunner.java:413)
	at org.testng.SuiteRunner.privateRun(SuiteRunner.java:373)
	at org.testng.SuiteRunner.run(SuiteRunner.java:312)
	at org.testng.SuiteRunnerWorker.runSuite(SuiteRunnerWorker.java:52)
	at org.testng.SuiteRunnerWorker.run(SuiteRunnerWorker.java:95)
	at org.testng.TestNG.runSuitesSequentially(TestNG.java:1274)
	at org.testng.TestNG.runSuitesLocally(TestNG.java:1208)
	at org.testng.TestNG.runSuites(TestNG.java:1112)
	at org.testng.TestNG.run(TestNG.java:1079)
	at org.apache.maven.surefire.testng.TestNGExecutor.run(TestNGExecutor.java:308)
	at org.apache.maven.surefire.testng.TestNGXmlTestSuite.execute(TestNGXmlTestSuite.java:71)
	at org.apache.maven.surefire.testng.TestNGProvider.invoke(TestNGProvider.java:113)
	at org.apache.maven.surefire.booter.ForkedBooter.runSuitesInProcess(ForkedBooter.java:385)
	at org.apache.maven.surefire.booter.ForkedBooter.execute(ForkedBooter.java:162)
	at org.apache.maven.surefire.booter.ForkedBooter.run(ForkedBooter.java:507)
	at org.apache.maven.surefire.booter.ForkedBooter.main(ForkedBooter.java:495)
]]></failure>
  </testcase>
  <testcase name="loginwithDDT[, , , 0](1)" classname="AmazonPractice.TC_2AmazonLogin" time="0.0">
    <skipped message="Cannot invoke &quot;org.openqa.selenium.WebDriver.getClass()&quot; because &quot;exceptionDriver&quot; is null"/>
  </testcase>
  <testcase name="loginwithDDT[, , , 0](2)" classname="AmazonPractice.TC_2AmazonLogin" time="0.0">
    <skipped message="Cannot invoke &quot;org.openqa.selenium.WebDriver.getClass()&quot; because &quot;exceptionDriver&quot; is null"/>
  </testcase>
  <testcase name="loginwithDDT[, , , 0](3)" classname="AmazonPractice.TC_2AmazonLogin" time="124.89">
    <failure message="Cannot invoke &quot;org.openqa.selenium.WebDriver.getClass()&quot; because &quot;exceptionDriver&quot; is null" type="java.lang.NullPointerException"><![CDATA[java.lang.NullPointerException: Cannot invoke "org.openqa.selenium.WebDriver.getClass()" because "exceptionDriver" is null
	at org.openqa.selenium.support.ui.WebDriverWait.timeoutException(WebDriverWait.java:85)
	at org.openqa.selenium.support.ui.FluentWait.until(FluentWait.java:228)
	at AmazonPractice.AmazonHomeLoginPage.verifyAccount(AmazonHomeLoginPage.java:170)
	at AmazonPractice.TC_2AmazonLogin.loginwithDDT(TC_2AmazonLogin.java:31)
	at java.base/jdk.internal.reflect.NativeMethodAccessorImpl.invoke0(Native Method)
	at java.base/jdk.internal.reflect.NativeMethodAccessorImpl.invoke(NativeMethodAccessorImpl.java:77)
	at java.base/jdk.internal.reflect.DelegatingMethodAccessorImpl.invoke(DelegatingMethodAccessorImpl.java:43)
	at java.base/java.lang.reflect.Method.invoke(Method.java:568)
	at org.testng.internal.invokers.MethodInvocationHelper.invokeMethod(MethodInvocationHelper.java:141)
	at org.testng.internal.invokers.TestInvoker.invokeMethod(TestInvoker.java:686)
	at org.testng.internal.invokers.TestInvoker.retryFailed(TestInvoker.java:269)
	at org.testng.internal.invokers.MethodRunner.runInSequence(MethodRunner.java:76)
	at org.testng.internal.invokers.TestInvoker$MethodInvocationAgent.invoke(TestInvoker.java:992)
	at org.testng.internal.invokers.TestInvoker.invokeTestMethods(TestInvoker.java:203)
	at org.testng.internal.invokers.TestMethodWorker.invokeTestMethods(TestMethodWorker.java:154)
	at org.testng.internal.invokers.TestMethodWorker.run(TestMethodWorker.java:134)
	at java.base/java.util.ArrayList.forEach(ArrayList.java:1511)
	at org.testng.TestRunner.privateRun(TestRunner.java:739)
	at org.testng.TestRunner.run(TestRunner.java:614)
	at org.testng.SuiteRunner.runTest(SuiteRunner.java:421)
	at org.testng.SuiteRunner.runSequentially(SuiteRunner.java:413)
	at org.testng.SuiteRunner.privateRun(SuiteRunner.java:373)
	at org.testng.SuiteRunner.run(SuiteRunner.java:312)
	at org.testng.SuiteRunnerWorker.runSuite(SuiteRunnerWorker.java:52)
	at org.testng.SuiteRunnerWorker.run(SuiteRunnerWorker.java:95)
	at org.testng.TestNG.runSuitesSequentially(TestNG.java:1274)
	at org.testng.TestNG.runSuitesLocally(TestNG.java:1208)
	at org.testng.TestNG.runSuites(TestNG.java:1112)
	at org.testng.TestNG.run(TestNG.java:1079)
	at org.apache.maven.surefire.testng.TestNGExecutor.run(TestNGExecutor.java:308)
	at org.apache.maven.surefire.testng.TestNGXmlTestSuite.execute(TestNGXmlTestSuite.java:71)
	at org.apache.maven.surefire.testng.TestNGProvider.invoke(TestNGProvider.java:113)
	at org.apache.maven.surefire.booter.ForkedBooter.runSuitesInProcess(ForkedBooter.java:385)
	at org.apache.maven.surefire.booter.ForkedBooter.execute(ForkedBooter.java:162)
	at org.apache.maven.surefire.booter.ForkedBooter.run(ForkedBooter.java:507)
	at org.apache.maven.surefire.booter.ForkedBooter.main(ForkedBooter.java:495)
]]></failure>
  </testcase>
  <testcase name="loginwithDDT[anujagaikwad86@gmail.com, anuja@89, , ](4)" classname="AmazonPractice.TC_2AmazonLogin" time="36.964"/>
  <testcase name="loginWithInvalidEmail[, , , 0](1)" classname="AmazonPractice.TC_3AmazonLoginFail" time="0.0">
    <skipped message="no such element: Unable to locate element: {&quot;method&quot;:&quot;xpath&quot;,&quot;selector&quot;:&quot;//input[@id=&apos;ap_password&apos;]&quot;}&#10;  (Session info: chrome=137.0.7151.119)&#10;For documentation on this error, please visit: https://www.selenium.dev/documentation/webdriver/troubleshooting/errors#no-such-element-exception&#10;Build info: version: &apos;4.33.0&apos;, revision: &apos;2c6aaad03a&apos;&#10;System info: os.name: &apos;Windows 11&apos;, os.arch: &apos;amd64&apos;, os.version: &apos;10.0&apos;, java.version: &apos;17.0.12&apos;&#10;Driver info: org.openqa.selenium.chrome.ChromeDriver&#10;Command: [c87e5da56d99db7e75e31d7c26f4f745, findElement {using=xpath, value=//input[@id=&apos;ap_password&apos;]}]&#10;Capabilities {acceptInsecureCerts: false, browserName: chrome, browserVersion: 137.0.7151.119, chrome: {chromedriverVersion: 137.0.7151.119 (e0ac9d12dff..., userDataDir: C:\Users\ganesh\AppData\Loc...}, fedcm:accounts: true, goog:chromeOptions: {debuggerAddress: localhost:50888}, networkConnectionEnabled: false, pageLoadStrategy: normal, platformName: windows, proxy: Proxy(), se:cdp: ws://localhost:50888/devtoo..., se:cdpVersion: 137.0.7151.119, setWindowRect: true, strictFileInteractability: false, timeouts: {implicit: 0, pageLoad: 300000, script: 30000}, unhandledPromptBehavior: dismiss and notify, webauthn:extension:credBlob: true, webauthn:extension:largeBlob: true, webauthn:extension:minPinLength: true, webauthn:extension:prf: true, webauthn:virtualAuthenticators: true}&#10;Session ID: c87e5da56d99db7e75e31d7c26f4f745"/>
  </testcase>
  <testcase name="loginWithInvalidEmail[, , , 0](2)" classname="AmazonPractice.TC_3AmazonLoginFail" time="0.0">
    <skipped message="no such element: Unable to locate element: {&quot;method&quot;:&quot;xpath&quot;,&quot;selector&quot;:&quot;//input[@id=&apos;ap_password&apos;]&quot;}&#10;  (Session info: chrome=137.0.7151.119)&#10;For documentation on this error, please visit: https://www.selenium.dev/documentation/webdriver/troubleshooting/errors#no-such-element-exception&#10;Build info: version: &apos;4.33.0&apos;, revision: &apos;2c6aaad03a&apos;&#10;System info: os.name: &apos;Windows 11&apos;, os.arch: &apos;amd64&apos;, os.version: &apos;10.0&apos;, java.version: &apos;17.0.12&apos;&#10;Driver info: org.openqa.selenium.chrome.ChromeDriver&#10;Command: [e45fd2b7e30f89f874dbb6b688770e4f, findElement {using=xpath, value=//input[@id=&apos;ap_password&apos;]}]&#10;Capabilities {acceptInsecureCerts: false, browserName: chrome, browserVersion: 137.0.7151.119, chrome: {chromedriverVersion: 137.0.7151.119 (e0ac9d12dff..., userDataDir: C:\Users\ganesh\AppData\Loc...}, fedcm:accounts: true, goog:chromeOptions: {debuggerAddress: localhost:50420}, networkConnectionEnabled: false, pageLoadStrategy: normal, platformName: windows, proxy: Proxy(), se:cdp: ws://localhost:50420/devtoo..., se:cdpVersion: 137.0.7151.119, setWindowRect: true, strictFileInteractability: false, timeouts: {implicit: 0, pageLoad: 300000, script: 30000}, unhandledPromptBehavior: dismiss and notify, webauthn:extension:credBlob: true, webauthn:extension:largeBlob: true, webauthn:extension:minPinLength: true, webauthn:extension:prf: true, webauthn:virtualAuthenticators: true}&#10;Session ID: e45fd2b7e30f89f874dbb6b688770e4f"/>
  </testcase>
  <testcase name="loginWithInvalidEmail[, , , 0](3)" classname="AmazonPractice.TC_3AmazonLoginFail" time="32.317">
    <failure message="no such element: Unable to locate element: {&quot;method&quot;:&quot;xpath&quot;,&quot;selector&quot;:&quot;//input[@id=&apos;ap_password&apos;]&quot;}&#10;  (Session info: chrome=137.0.7151.119)&#10;For documentation on this error, please visit: https://www.selenium.dev/documentation/webdriver/troubleshooting/errors#no-such-element-exception&#10;Build info: version: &apos;4.33.0&apos;, revision: &apos;2c6aaad03a&apos;&#10;System info: os.name: &apos;Windows 11&apos;, os.arch: &apos;amd64&apos;, os.version: &apos;10.0&apos;, java.version: &apos;17.0.12&apos;&#10;Driver info: org.openqa.selenium.chrome.ChromeDriver&#10;Command: [bd25e3999b0820d7d11ff76077178d8c, findElement {using=xpath, value=//input[@id=&apos;ap_password&apos;]}]&#10;Capabilities {acceptInsecureCerts: false, browserName: chrome, browserVersion: 137.0.7151.119, chrome: {chromedriverVersion: 137.0.7151.119 (e0ac9d12dff..., userDataDir: C:\Users\ganesh\AppData\Loc...}, fedcm:accounts: true, goog:chromeOptions: {debuggerAddress: localhost:56746}, networkConnectionEnabled: false, pageLoadStrategy: normal, platformName: windows, proxy: Proxy(), se:cdp: ws://localhost:56746/devtoo..., se:cdpVersion: 137.0.7151.119, setWindowRect: true, strictFileInteractability: false, timeouts: {implicit: 0, pageLoad: 300000, script: 30000}, unhandledPromptBehavior: dismiss and notify, webauthn:extension:credBlob: true, webauthn:extension:largeBlob: true, webauthn:extension:minPinLength: true, webauthn:extension:prf: true, webauthn:virtualAuthenticators: true}&#10;Session ID: bd25e3999b0820d7d11ff76077178d8c" type="org.openqa.selenium.NoSuchElementException"><![CDATA[org.openqa.selenium.NoSuchElementException: 
no such element: Unable to locate element: {"method":"xpath","selector":"//input[@id='ap_password']"}
  (Session info: chrome=137.0.7151.119)
For documentation on this error, please visit: https://www.selenium.dev/documentation/webdriver/troubleshooting/errors#no-such-element-exception
Build info: version: '4.33.0', revision: '2c6aaad03a'
System info: os.name: 'Windows 11', os.arch: 'amd64', os.version: '10.0', java.version: '17.0.12'
Driver info: org.openqa.selenium.chrome.ChromeDriver
Command: [bd25e3999b0820d7d11ff76077178d8c, findElement {using=xpath, value=//input[@id='ap_password']}]
Capabilities {acceptInsecureCerts: false, browserName: chrome, browserVersion: 137.0.7151.119, chrome: {chromedriverVersion: 137.0.7151.119 (e0ac9d12dff..., userDataDir: C:\Users\ganesh\AppData\Loc...}, fedcm:accounts: true, goog:chromeOptions: {debuggerAddress: localhost:56746}, networkConnectionEnabled: false, pageLoadStrategy: normal, platformName: windows, proxy: Proxy(), se:cdp: ws://localhost:56746/devtoo..., se:cdpVersion: 137.0.7151.119, setWindowRect: true, strictFileInteractability: false, timeouts: {implicit: 0, pageLoad: 300000, script: 30000}, unhandledPromptBehavior: dismiss and notify, webauthn:extension:credBlob: true, webauthn:extension:largeBlob: true, webauthn:extension:minPinLength: true, webauthn:extension:prf: true, webauthn:virtualAuthenticators: true}
Session ID: bd25e3999b0820d7d11ff76077178d8c
	at jdk.internal.reflect.GeneratedConstructorAccessor17.newInstance(Unknown Source)
	at java.base/jdk.internal.reflect.DelegatingConstructorAccessorImpl.newInstance(DelegatingConstructorAccessorImpl.java:45)
	at java.base/java.lang.reflect.Constructor.newInstanceWithCaller(Constructor.java:499)
	at java.base/java.lang.reflect.Constructor.newInstance(Constructor.java:480)
	at org.openqa.selenium.remote.ErrorCodec.decode(ErrorCodec.java:167)
	at org.openqa.selenium.remote.codec.w3c.W3CHttpResponseCodec.decode(W3CHttpResponseCodec.java:138)
	at org.openqa.selenium.remote.codec.w3c.W3CHttpResponseCodec.decode(W3CHttpResponseCodec.java:50)
	at org.openqa.selenium.remote.HttpCommandExecutor.execute(HttpCommandExecutor.java:215)
	at org.openqa.selenium.remote.service.DriverCommandExecutor.invokeExecute(DriverCommandExecutor.java:216)
	at org.openqa.selenium.remote.service.DriverCommandExecutor.execute(DriverCommandExecutor.java:174)
	at org.openqa.selenium.remote.RemoteWebDriver.execute(RemoteWebDriver.java:544)
	at org.openqa.selenium.remote.ElementLocation$ElementFinder$2.findElement(ElementLocation.java:165)
	at org.openqa.selenium.remote.ElementLocation.findElement(ElementLocation.java:59)
	at org.openqa.selenium.remote.RemoteWebDriver.findElement(RemoteWebDriver.java:367)
	at org.openqa.selenium.remote.RemoteWebDriver.findElement(RemoteWebDriver.java:361)
	at org.openqa.selenium.support.pagefactory.DefaultElementLocator.findElement(DefaultElementLocator.java:68)
	at org.openqa.selenium.support.pagefactory.internal.LocatingElementHandler.invoke(LocatingElementHandler.java:38)
	at jdk.proxy2/jdk.proxy2.$Proxy13.sendKeys(Unknown Source)
	at AmazonPractice.AmazonHomeLoginPage.pwdinvalid(AmazonHomeLoginPage.java:153)
	at AmazonPractice.TC_3AmazonLoginFail.loginWithInvalidEmail(TC_3AmazonLoginFail.java:30)
	at java.base/jdk.internal.reflect.NativeMethodAccessorImpl.invoke0(Native Method)
	at java.base/jdk.internal.reflect.NativeMethodAccessorImpl.invoke(NativeMethodAccessorImpl.java:77)
	at java.base/jdk.internal.reflect.DelegatingMethodAccessorImpl.invoke(DelegatingMethodAccessorImpl.java:43)
	at java.base/java.lang.reflect.Method.invoke(Method.java:568)
	at org.testng.internal.invokers.MethodInvocationHelper.invokeMethod(MethodInvocationHelper.java:141)
	at org.testng.internal.invokers.TestInvoker.invokeMethod(TestInvoker.java:686)
	at org.testng.internal.invokers.TestInvoker.retryFailed(TestInvoker.java:269)
	at org.testng.internal.invokers.MethodRunner.runInSequence(MethodRunner.java:76)
	at org.testng.internal.invokers.TestInvoker$MethodInvocationAgent.invoke(TestInvoker.java:992)
	at org.testng.internal.invokers.TestInvoker.invokeTestMethods(TestInvoker.java:203)
	at org.testng.internal.invokers.TestMethodWorker.invokeTestMethods(TestMethodWorker.java:154)
	at org.testng.internal.invokers.TestMethodWorker.run(TestMethodWorker.java:134)
	at java.base/java.util.ArrayList.forEach(ArrayList.java:1511)
	at org.testng.TestRunner.privateRun(TestRunner.java:739)
	at org.testng.TestRunner.run(TestRunner.java:614)
	at org.testng.SuiteRunner.runTest(SuiteRunner.java:421)
	at org.testng.SuiteRunner.runSequentially(SuiteRunner.java:413)
	at org.testng.SuiteRunner.privateRun(SuiteRunner.java:373)
	at org.testng.SuiteRunner.run(SuiteRunner.java:312)
	at org.testng.SuiteRunnerWorker.runSuite(SuiteRunnerWorker.java:52)
	at org.testng.SuiteRunnerWorker.run(SuiteRunnerWorker.java:95)
	at org.testng.TestNG.runSuitesSequentially(TestNG.java:1274)
	at org.testng.TestNG.runSuitesLocally(TestNG.java:1208)
	at org.testng.TestNG.runSuites(TestNG.java:1112)
	at org.testng.TestNG.run(TestNG.java:1079)
	at org.apache.maven.surefire.testng.TestNGExecutor.run(TestNGExecutor.java:308)
	at org.apache.maven.surefire.testng.TestNGXmlTestSuite.execute(TestNGXmlTestSuite.java:71)
	at org.apache.maven.surefire.testng.TestNGProvider.invoke(TestNGProvider.java:113)
	at org.apache.maven.surefire.booter.ForkedBooter.runSuitesInProcess(ForkedBooter.java:385)
	at org.apache.maven.surefire.booter.ForkedBooter.execute(ForkedBooter.java:162)
	at org.apache.maven.surefire.booter.ForkedBooter.run(ForkedBooter.java:507)
	at org.apache.maven.surefire.booter.ForkedBooter.main(ForkedBooter.java:495)
]]></failure>
  </testcase>
  <testcase name="loginWithInvalidEmail[anujagaikwad86@gmail.com, anuja@89, , ](4)" classname="AmazonPractice.TC_3AmazonLoginFail" time="0.0">
    <skipped message="expected [false] but found [true]"/>
  </testcase>
  <testcase name="loginWithInvalidEmail[anujagaikwad86@gmail.com, anuja@89, , ](5)" classname="AmazonPractice.TC_3AmazonLoginFail" time="0.0">
    <skipped message="expected [false] but found [true]"/>
  </testcase>
  <testcase name="loginWithInvalidEmail[anujagaikwad86@gmail.com, anuja@89, , ](6)" classname="AmazonPractice.TC_3AmazonLoginFail" time="38.821">
    <failure message="expected [false] but found [true]" type="java.lang.AssertionError"><![CDATA[java.lang.AssertionError: expected [false] but found [true]
	at org.testng.Assert.fail(Assert.java:111)
	at org.testng.Assert.failNotEquals(Assert.java:1578)
	at org.testng.Assert.assertEqualsImpl(Assert.java:150)
	at org.testng.Assert.assertEquals(Assert.java:132)
	at org.testng.Assert.assertEquals(Assert.java:1067)
	at org.testng.Assert.assertEquals(Assert.java:1031)
	at org.testng.Assert.assertEquals(Assert.java:1077)
	at AmazonPractice.AmazonHomeLoginPage.verifyAccountInvalid(AmazonHomeLoginPage.java:179)
	at AmazonPractice.TC_3AmazonLoginFail.loginWithInvalidEmail(TC_3AmazonLoginFail.java:32)
	at java.base/jdk.internal.reflect.NativeMethodAccessorImpl.invoke0(Native Method)
	at java.base/jdk.internal.reflect.NativeMethodAccessorImpl.invoke(NativeMethodAccessorImpl.java:77)
	at java.base/jdk.internal.reflect.DelegatingMethodAccessorImpl.invoke(DelegatingMethodAccessorImpl.java:43)
	at java.base/java.lang.reflect.Method.invoke(Method.java:568)
	at org.testng.internal.invokers.MethodInvocationHelper.invokeMethod(MethodInvocationHelper.java:141)
	at org.testng.internal.invokers.TestInvoker.invokeMethod(TestInvoker.java:686)
	at org.testng.internal.invokers.TestInvoker.retryFailed(TestInvoker.java:269)
	at org.testng.internal.invokers.MethodRunner.runInSequence(MethodRunner.java:76)
	at org.testng.internal.invokers.TestInvoker$MethodInvocationAgent.invoke(TestInvoker.java:992)
	at org.testng.internal.invokers.TestInvoker.invokeTestMethods(TestInvoker.java:203)
	at org.testng.internal.invokers.TestMethodWorker.invokeTestMethods(TestMethodWorker.java:154)
	at org.testng.internal.invokers.TestMethodWorker.run(TestMethodWorker.java:134)
	at java.base/java.util.ArrayList.forEach(ArrayList.java:1511)
	at org.testng.TestRunner.privateRun(TestRunner.java:739)
	at org.testng.TestRunner.run(TestRunner.java:614)
	at org.testng.SuiteRunner.runTest(SuiteRunner.java:421)
	at org.testng.SuiteRunner.runSequentially(SuiteRunner.java:413)
	at org.testng.SuiteRunner.privateRun(SuiteRunner.java:373)
	at org.testng.SuiteRunner.run(SuiteRunner.java:312)
	at org.testng.SuiteRunnerWorker.runSuite(SuiteRunnerWorker.java:52)
	at org.testng.SuiteRunnerWorker.run(SuiteRunnerWorker.java:95)
	at org.testng.TestNG.runSuitesSequentially(TestNG.java:1274)
	at org.testng.TestNG.runSuitesLocally(TestNG.java:1208)
	at org.testng.TestNG.runSuites(TestNG.java:1112)
	at org.testng.TestNG.run(TestNG.java:1079)
	at org.apache.maven.surefire.testng.TestNGExecutor.run(TestNGExecutor.java:308)
	at org.apache.maven.surefire.testng.TestNGXmlTestSuite.execute(TestNGXmlTestSuite.java:71)
	at org.apache.maven.surefire.testng.TestNGProvider.invoke(TestNGProvider.java:113)
	at org.apache.maven.surefire.booter.ForkedBooter.runSuitesInProcess(ForkedBooter.java:385)
	at org.apache.maven.surefire.booter.ForkedBooter.execute(ForkedBooter.java:162)
	at org.apache.maven.surefire.booter.ForkedBooter.run(ForkedBooter.java:507)
	at org.apache.maven.surefire.booter.ForkedBooter.main(ForkedBooter.java:495)
]]></failure>
  </testcase>
  <testcase name="loginwithDDT[, , , 0](1)" classname="AmazonPractice.TC_4EditYourProfile" time="0.0">
    <skipped message="Cannot invoke &quot;org.openqa.selenium.WebDriver.getClass()&quot; because &quot;exceptionDriver&quot; is null"/>
  </testcase>
  <testcase name="loginwithDDT[, , , 0](2)" classname="AmazonPractice.TC_4EditYourProfile" time="0.0">
    <skipped message="Cannot invoke &quot;org.openqa.selenium.WebDriver.getClass()&quot; because &quot;exceptionDriver&quot; is null"/>
  </testcase>
  <testcase name="loginwithDDT[, , , 0](3)" classname="AmazonPractice.TC_4EditYourProfile" time="125.247">
    <failure message="Cannot invoke &quot;org.openqa.selenium.WebDriver.getClass()&quot; because &quot;exceptionDriver&quot; is null" type="java.lang.NullPointerException"><![CDATA[java.lang.NullPointerException: Cannot invoke "org.openqa.selenium.WebDriver.getClass()" because "exceptionDriver" is null
	at org.openqa.selenium.support.ui.WebDriverWait.timeoutException(WebDriverWait.java:85)
	at org.openqa.selenium.support.ui.FluentWait.until(FluentWait.java:228)
	at AmazonPractice.AmazonHomeLoginPage.verifyAccount(AmazonHomeLoginPage.java:170)
	at AmazonPractice.TC_4EditYourProfile.loginwithDDT(TC_4EditYourProfile.java:29)
	at java.base/jdk.internal.reflect.NativeMethodAccessorImpl.invoke0(Native Method)
	at java.base/jdk.internal.reflect.NativeMethodAccessorImpl.invoke(NativeMethodAccessorImpl.java:77)
	at java.base/jdk.internal.reflect.DelegatingMethodAccessorImpl.invoke(DelegatingMethodAccessorImpl.java:43)
	at java.base/java.lang.reflect.Method.invoke(Method.java:568)
	at org.testng.internal.invokers.MethodInvocationHelper.invokeMethod(MethodInvocationHelper.java:141)
	at org.testng.internal.invokers.TestInvoker.invokeMethod(TestInvoker.java:686)
	at org.testng.internal.invokers.TestInvoker.retryFailed(TestInvoker.java:269)
	at org.testng.internal.invokers.MethodRunner.runInSequence(MethodRunner.java:76)
	at org.testng.internal.invokers.TestInvoker$MethodInvocationAgent.invoke(TestInvoker.java:992)
	at org.testng.internal.invokers.TestInvoker.invokeTestMethods(TestInvoker.java:203)
	at org.testng.internal.invokers.TestMethodWorker.invokeTestMethods(TestMethodWorker.java:154)
	at org.testng.internal.invokers.TestMethodWorker.run(TestMethodWorker.java:134)
	at java.base/java.util.ArrayList.forEach(ArrayList.java:1511)
	at org.testng.TestRunner.privateRun(TestRunner.java:739)
	at org.testng.TestRunner.run(TestRunner.java:614)
	at org.testng.SuiteRunner.runTest(SuiteRunner.java:421)
	at org.testng.SuiteRunner.runSequentially(SuiteRunner.java:413)
	at org.testng.SuiteRunner.privateRun(SuiteRunner.java:373)
	at org.testng.SuiteRunner.run(SuiteRunner.java:312)
	at org.testng.SuiteRunnerWorker.runSuite(SuiteRunnerWorker.java:52)
	at org.testng.SuiteRunnerWorker.run(SuiteRunnerWorker.java:95)
	at org.testng.TestNG.runSuitesSequentially(TestNG.java:1274)
	at org.testng.TestNG.runSuitesLocally(TestNG.java:1208)
	at org.testng.TestNG.runSuites(TestNG.java:1112)
	at org.testng.TestNG.run(TestNG.java:1079)
	at org.apache.maven.surefire.testng.TestNGExecutor.run(TestNGExecutor.java:308)
	at org.apache.maven.surefire.testng.TestNGXmlTestSuite.execute(TestNGXmlTestSuite.java:71)
	at org.apache.maven.surefire.testng.TestNGProvider.invoke(TestNGProvider.java:113)
	at org.apache.maven.surefire.booter.ForkedBooter.runSuitesInProcess(ForkedBooter.java:385)
	at org.apache.maven.surefire.booter.ForkedBooter.execute(ForkedBooter.java:162)
	at org.apache.maven.surefire.booter.ForkedBooter.run(ForkedBooter.java:507)
	at org.apache.maven.surefire.booter.ForkedBooter.main(ForkedBooter.java:495)
]]></failure>
  </testcase>
  <testcase name="loginwithDDT[anujagaikwad86@gmail.com, anuja@89, , ](4)" classname="AmazonPractice.TC_4EditYourProfile" time="0.0">
    <skipped message="no such element: Unable to locate element: {&quot;method&quot;:&quot;xpath&quot;,&quot;selector&quot;:&quot;//span[.=&apos;Edit addresses for orders and gifts&apos;]&quot;}&#10;  (Session info: chrome=137.0.7151.119)&#10;For documentation on this error, please visit: https://www.selenium.dev/documentation/webdriver/troubleshooting/errors#no-such-element-exception&#10;Build info: version: &apos;4.33.0&apos;, revision: &apos;2c6aaad03a&apos;&#10;System info: os.name: &apos;Windows 11&apos;, os.arch: &apos;amd64&apos;, os.version: &apos;10.0&apos;, java.version: &apos;17.0.12&apos;&#10;Driver info: org.openqa.selenium.chrome.ChromeDriver&#10;Command: [d60e5920327f78c01ff53e89aa8a53ab, findElement {using=xpath, value=//span[.=&apos;Edit addresses for orders and gifts&apos;]}]&#10;Capabilities {acceptInsecureCerts: false, browserName: chrome, browserVersion: 137.0.7151.119, chrome: {chromedriverVersion: 137.0.7151.119 (e0ac9d12dff..., userDataDir: C:\Users\ganesh\AppData\Loc...}, fedcm:accounts: true, goog:chromeOptions: {debuggerAddress: localhost:62433}, networkConnectionEnabled: false, pageLoadStrategy: normal, platformName: windows, proxy: Proxy(), se:cdp: ws://localhost:62433/devtoo..., se:cdpVersion: 137.0.7151.119, setWindowRect: true, strictFileInteractability: false, timeouts: {implicit: 0, pageLoad: 300000, script: 30000}, unhandledPromptBehavior: dismiss and notify, webauthn:extension:credBlob: true, webauthn:extension:largeBlob: true, webauthn:extension:minPinLength: true, webauthn:extension:prf: true, webauthn:virtualAuthenticators: true}&#10;Session ID: d60e5920327f78c01ff53e89aa8a53ab"/>
  </testcase>
  <testcase name="loginwithDDT[anujagaikwad86@gmail.com, anuja@89, , ](5)" classname="AmazonPractice.TC_4EditYourProfile" time="0.0">
    <skipped message="no such element: Unable to locate element: {&quot;method&quot;:&quot;xpath&quot;,&quot;selector&quot;:&quot;//span[.=&apos;Edit addresses for orders and gifts&apos;]&quot;}&#10;  (Session info: chrome=137.0.7151.119)&#10;For documentation on this error, please visit: https://www.selenium.dev/documentation/webdriver/troubleshooting/errors#no-such-element-exception&#10;Build info: version: &apos;4.33.0&apos;, revision: &apos;2c6aaad03a&apos;&#10;System info: os.name: &apos;Windows 11&apos;, os.arch: &apos;amd64&apos;, os.version: &apos;10.0&apos;, java.version: &apos;17.0.12&apos;&#10;Driver info: org.openqa.selenium.chrome.ChromeDriver&#10;Command: [e4400fd0829df8c8e3efebe0f6c811a9, findElement {using=xpath, value=//span[.=&apos;Edit addresses for orders and gifts&apos;]}]&#10;Capabilities {acceptInsecureCerts: false, browserName: chrome, browserVersion: 137.0.7151.119, chrome: {chromedriverVersion: 137.0.7151.119 (e0ac9d12dff..., userDataDir: C:\Users\ganesh\AppData\Loc...}, fedcm:accounts: true, goog:chromeOptions: {debuggerAddress: localhost:60700}, networkConnectionEnabled: false, pageLoadStrategy: normal, platformName: windows, proxy: Proxy(), se:cdp: ws://localhost:60700/devtoo..., se:cdpVersion: 137.0.7151.119, setWindowRect: true, strictFileInteractability: false, timeouts: {implicit: 0, pageLoad: 300000, script: 30000}, unhandledPromptBehavior: dismiss and notify, webauthn:extension:credBlob: true, webauthn:extension:largeBlob: true, webauthn:extension:minPinLength: true, webauthn:extension:prf: true, webauthn:virtualAuthenticators: true}&#10;Session ID: e4400fd0829df8c8e3efebe0f6c811a9"/>
  </testcase>
  <testcase name="loginwithDDT[anujagaikwad86@gmail.com, anuja@89, , ](6)" classname="AmazonPractice.TC_4EditYourProfile" time="57.738">
    <failure message="no such element: Unable to locate element: {&quot;method&quot;:&quot;xpath&quot;,&quot;selector&quot;:&quot;//span[.=&apos;Edit addresses for orders and gifts&apos;]&quot;}&#10;  (Session info: chrome=137.0.7151.119)&#10;For documentation on this error, please visit: https://www.selenium.dev/documentation/webdriver/troubleshooting/errors#no-such-element-exception&#10;Build info: version: &apos;4.33.0&apos;, revision: &apos;2c6aaad03a&apos;&#10;System info: os.name: &apos;Windows 11&apos;, os.arch: &apos;amd64&apos;, os.version: &apos;10.0&apos;, java.version: &apos;17.0.12&apos;&#10;Driver info: org.openqa.selenium.chrome.ChromeDriver&#10;Command: [112c1a1f0e232153466f063ce70acc0e, findElement {using=xpath, value=//span[.=&apos;Edit addresses for orders and gifts&apos;]}]&#10;Capabilities {acceptInsecureCerts: false, browserName: chrome, browserVersion: 137.0.7151.119, chrome: {chromedriverVersion: 137.0.7151.119 (e0ac9d12dff..., userDataDir: C:\Users\ganesh\AppData\Loc...}, fedcm:accounts: true, goog:chromeOptions: {debuggerAddress: localhost:51774}, networkConnectionEnabled: false, pageLoadStrategy: normal, platformName: windows, proxy: Proxy(), se:cdp: ws://localhost:51774/devtoo..., se:cdpVersion: 137.0.7151.119, setWindowRect: true, strictFileInteractability: false, timeouts: {implicit: 0, pageLoad: 300000, script: 30000}, unhandledPromptBehavior: dismiss and notify, webauthn:extension:credBlob: true, webauthn:extension:largeBlob: true, webauthn:extension:minPinLength: true, webauthn:extension:prf: true, webauthn:virtualAuthenticators: true}&#10;Session ID: 112c1a1f0e232153466f063ce70acc0e" type="org.openqa.selenium.NoSuchElementException"><![CDATA[org.openqa.selenium.NoSuchElementException: 
no such element: Unable to locate element: {"method":"xpath","selector":"//span[.='Edit addresses for orders and gifts']"}
  (Session info: chrome=137.0.7151.119)
For documentation on this error, please visit: https://www.selenium.dev/documentation/webdriver/troubleshooting/errors#no-such-element-exception
Build info: version: '4.33.0', revision: '2c6aaad03a'
System info: os.name: 'Windows 11', os.arch: 'amd64', os.version: '10.0', java.version: '17.0.12'
Driver info: org.openqa.selenium.chrome.ChromeDriver
Command: [112c1a1f0e232153466f063ce70acc0e, findElement {using=xpath, value=//span[.='Edit addresses for orders and gifts']}]
Capabilities {acceptInsecureCerts: false, browserName: chrome, browserVersion: 137.0.7151.119, chrome: {chromedriverVersion: 137.0.7151.119 (e0ac9d12dff..., userDataDir: C:\Users\ganesh\AppData\Loc...}, fedcm:accounts: true, goog:chromeOptions: {debuggerAddress: localhost:51774}, networkConnectionEnabled: false, pageLoadStrategy: normal, platformName: windows, proxy: Proxy(), se:cdp: ws://localhost:51774/devtoo..., se:cdpVersion: 137.0.7151.119, setWindowRect: true, strictFileInteractability: false, timeouts: {implicit: 0, pageLoad: 300000, script: 30000}, unhandledPromptBehavior: dismiss and notify, webauthn:extension:credBlob: true, webauthn:extension:largeBlob: true, webauthn:extension:minPinLength: true, webauthn:extension:prf: true, webauthn:virtualAuthenticators: true}
Session ID: 112c1a1f0e232153466f063ce70acc0e
	at jdk.internal.reflect.GeneratedConstructorAccessor17.newInstance(Unknown Source)
	at java.base/jdk.internal.reflect.DelegatingConstructorAccessorImpl.newInstance(DelegatingConstructorAccessorImpl.java:45)
	at java.base/java.lang.reflect.Constructor.newInstanceWithCaller(Constructor.java:499)
	at java.base/java.lang.reflect.Constructor.newInstance(Constructor.java:480)
	at org.openqa.selenium.remote.ErrorCodec.decode(ErrorCodec.java:167)
	at org.openqa.selenium.remote.codec.w3c.W3CHttpResponseCodec.decode(W3CHttpResponseCodec.java:138)
	at org.openqa.selenium.remote.codec.w3c.W3CHttpResponseCodec.decode(W3CHttpResponseCodec.java:50)
	at org.openqa.selenium.remote.HttpCommandExecutor.execute(HttpCommandExecutor.java:215)
	at org.openqa.selenium.remote.service.DriverCommandExecutor.invokeExecute(DriverCommandExecutor.java:216)
	at org.openqa.selenium.remote.service.DriverCommandExecutor.execute(DriverCommandExecutor.java:174)
	at org.openqa.selenium.remote.RemoteWebDriver.execute(RemoteWebDriver.java:544)
	at org.openqa.selenium.remote.ElementLocation$ElementFinder$2.findElement(ElementLocation.java:165)
	at org.openqa.selenium.remote.ElementLocation.findElement(ElementLocation.java:59)
	at org.openqa.selenium.remote.RemoteWebDriver.findElement(RemoteWebDriver.java:367)
	at org.openqa.selenium.remote.RemoteWebDriver.findElement(RemoteWebDriver.java:361)
	at org.openqa.selenium.support.pagefactory.DefaultElementLocator.findElement(DefaultElementLocator.java:68)
	at org.openqa.selenium.support.pagefactory.internal.LocatingElementHandler.invoke(LocatingElementHandler.java:38)
	at jdk.proxy2/jdk.proxy2.$Proxy13.click(Unknown Source)
	at AmazonPractice.AmazonProfileEditPage.clickingyouraddress(AmazonProfileEditPage.java:46)
	at AmazonPractice.TC_4EditYourProfile.loginwithDDT(TC_4EditYourProfile.java:35)
	at java.base/jdk.internal.reflect.NativeMethodAccessorImpl.invoke0(Native Method)
	at java.base/jdk.internal.reflect.NativeMethodAccessorImpl.invoke(NativeMethodAccessorImpl.java:77)
	at java.base/jdk.internal.reflect.DelegatingMethodAccessorImpl.invoke(DelegatingMethodAccessorImpl.java:43)
	at java.base/java.lang.reflect.Method.invoke(Method.java:568)
	at org.testng.internal.invokers.MethodInvocationHelper.invokeMethod(MethodInvocationHelper.java:141)
	at org.testng.internal.invokers.TestInvoker.invokeMethod(TestInvoker.java:686)
	at org.testng.internal.invokers.TestInvoker.retryFailed(TestInvoker.java:269)
	at org.testng.internal.invokers.MethodRunner.runInSequence(MethodRunner.java:76)
	at org.testng.internal.invokers.TestInvoker$MethodInvocationAgent.invoke(TestInvoker.java:992)
	at org.testng.internal.invokers.TestInvoker.invokeTestMethods(TestInvoker.java:203)
	at org.testng.internal.invokers.TestMethodWorker.invokeTestMethods(TestMethodWorker.java:154)
	at org.testng.internal.invokers.TestMethodWorker.run(TestMethodWorker.java:134)
	at java.base/java.util.ArrayList.forEach(ArrayList.java:1511)
	at org.testng.TestRunner.privateRun(TestRunner.java:739)
	at org.testng.TestRunner.run(TestRunner.java:614)
	at org.testng.SuiteRunner.runTest(SuiteRunner.java:421)
	at org.testng.SuiteRunner.runSequentially(SuiteRunner.java:413)
	at org.testng.SuiteRunner.privateRun(SuiteRunner.java:373)
	at org.testng.SuiteRunner.run(SuiteRunner.java:312)
	at org.testng.SuiteRunnerWorker.runSuite(SuiteRunnerWorker.java:52)
	at org.testng.SuiteRunnerWorker.run(SuiteRunnerWorker.java:95)
	at org.testng.TestNG.runSuitesSequentially(TestNG.java:1274)
	at org.testng.TestNG.runSuitesLocally(TestNG.java:1208)
	at org.testng.TestNG.runSuites(TestNG.java:1112)
	at org.testng.TestNG.run(TestNG.java:1079)
	at org.apache.maven.surefire.testng.TestNGExecutor.run(TestNGExecutor.java:308)
	at org.apache.maven.surefire.testng.TestNGXmlTestSuite.execute(TestNGXmlTestSuite.java:71)
	at org.apache.maven.surefire.testng.TestNGProvider.invoke(TestNGProvider.java:113)
	at org.apache.maven.surefire.booter.ForkedBooter.runSuitesInProcess(ForkedBooter.java:385)
	at org.apache.maven.surefire.booter.ForkedBooter.execute(ForkedBooter.java:162)
	at org.apache.maven.surefire.booter.ForkedBooter.run(ForkedBooter.java:507)
	at org.apache.maven.surefire.booter.ForkedBooter.main(ForkedBooter.java:495)
]]></failure>
  </testcase>
  <testcase name="loginwithDDT[, , , 0](1)" classname="AmazonPractice.TC_5AmazonSearchProduct" time="0.0">
    <skipped message="Cannot invoke &quot;org.openqa.selenium.WebDriver.getClass()&quot; because &quot;exceptionDriver&quot; is null"/>
  </testcase>
  <testcase name="loginwithDDT[, , , 0](2)" classname="AmazonPractice.TC_5AmazonSearchProduct" time="0.0">
    <skipped message="Cannot invoke &quot;org.openqa.selenium.WebDriver.getClass()&quot; because &quot;exceptionDriver&quot; is null"/>
  </testcase>
  <testcase name="loginwithDDT[, , , 0](3)" classname="AmazonPractice.TC_5AmazonSearchProduct" time="126.957">
    <failure message="Cannot invoke &quot;org.openqa.selenium.WebDriver.getClass()&quot; because &quot;exceptionDriver&quot; is null" type="java.lang.NullPointerException"><![CDATA[java.lang.NullPointerException: Cannot invoke "org.openqa.selenium.WebDriver.getClass()" because "exceptionDriver" is null
	at org.openqa.selenium.support.ui.WebDriverWait.timeoutException(WebDriverWait.java:85)
	at org.openqa.selenium.support.ui.FluentWait.until(FluentWait.java:228)
	at AmazonPractice.AmazonHomeLoginPage.verifyAccount(AmazonHomeLoginPage.java:170)
	at AmazonPractice.TC_5AmazonSearchProduct.loginwithDDT(TC_5AmazonSearchProduct.java:31)
	at java.base/jdk.internal.reflect.NativeMethodAccessorImpl.invoke0(Native Method)
	at java.base/jdk.internal.reflect.NativeMethodAccessorImpl.invoke(NativeMethodAccessorImpl.java:77)
	at java.base/jdk.internal.reflect.DelegatingMethodAccessorImpl.invoke(DelegatingMethodAccessorImpl.java:43)
	at java.base/java.lang.reflect.Method.invoke(Method.java:568)
	at org.testng.internal.invokers.MethodInvocationHelper.invokeMethod(MethodInvocationHelper.java:141)
	at org.testng.internal.invokers.TestInvoker.invokeMethod(TestInvoker.java:686)
	at org.testng.internal.invokers.TestInvoker.retryFailed(TestInvoker.java:269)
	at org.testng.internal.invokers.MethodRunner.runInSequence(MethodRunner.java:76)
	at org.testng.internal.invokers.TestInvoker$MethodInvocationAgent.invoke(TestInvoker.java:992)
	at org.testng.internal.invokers.TestInvoker.invokeTestMethods(TestInvoker.java:203)
	at org.testng.internal.invokers.TestMethodWorker.invokeTestMethods(TestMethodWorker.java:154)
	at org.testng.internal.invokers.TestMethodWorker.run(TestMethodWorker.java:134)
	at java.base/java.util.ArrayList.forEach(ArrayList.java:1511)
	at org.testng.TestRunner.privateRun(TestRunner.java:739)
	at org.testng.TestRunner.run(TestRunner.java:614)
	at org.testng.SuiteRunner.runTest(SuiteRunner.java:421)
	at org.testng.SuiteRunner.runSequentially(SuiteRunner.java:413)
	at org.testng.SuiteRunner.privateRun(SuiteRunner.java:373)
	at org.testng.SuiteRunner.run(SuiteRunner.java:312)
	at org.testng.SuiteRunnerWorker.runSuite(SuiteRunnerWorker.java:52)
	at org.testng.SuiteRunnerWorker.run(SuiteRunnerWorker.java:95)
	at org.testng.TestNG.runSuitesSequentially(TestNG.java:1274)
	at org.testng.TestNG.runSuitesLocally(TestNG.java:1208)
	at org.testng.TestNG.runSuites(TestNG.java:1112)
	at org.testng.TestNG.run(TestNG.java:1079)
	at org.apache.maven.surefire.testng.TestNGExecutor.run(TestNGExecutor.java:308)
	at org.apache.maven.surefire.testng.TestNGXmlTestSuite.execute(TestNGXmlTestSuite.java:71)
	at org.apache.maven.surefire.testng.TestNGProvider.invoke(TestNGProvider.java:113)
	at org.apache.maven.surefire.booter.ForkedBooter.runSuitesInProcess(ForkedBooter.java:385)
	at org.apache.maven.surefire.booter.ForkedBooter.execute(ForkedBooter.java:162)
	at org.apache.maven.surefire.booter.ForkedBooter.run(ForkedBooter.java:507)
	at org.apache.maven.surefire.booter.ForkedBooter.main(ForkedBooter.java:495)
]]></failure>
  </testcase>
  <testcase name="loginwithDDT[anujagaikwad86@gmail.com, anuja@89, , ](4)" classname="AmazonPractice.TC_5AmazonSearchProduct" time="45.832"/>
  <testcase name="loginwithDDT[, , , 0](1)" classname="AmazonPractice.TC_6Filters" time="0.0">
    <skipped message="Cannot invoke &quot;org.openqa.selenium.WebDriver.getClass()&quot; because &quot;exceptionDriver&quot; is null"/>
  </testcase>
  <testcase name="loginwithDDT[, , , 0](2)" classname="AmazonPractice.TC_6Filters" time="0.0">
    <skipped message="Cannot invoke &quot;org.openqa.selenium.WebDriver.getClass()&quot; because &quot;exceptionDriver&quot; is null"/>
  </testcase>
  <testcase name="loginwithDDT[, , , 0](3)" classname="AmazonPractice.TC_6Filters" time="126.171">
    <failure message="Cannot invoke &quot;org.openqa.selenium.WebDriver.getClass()&quot; because &quot;exceptionDriver&quot; is null" type="java.lang.NullPointerException"><![CDATA[java.lang.NullPointerException: Cannot invoke "org.openqa.selenium.WebDriver.getClass()" because "exceptionDriver" is null
	at org.openqa.selenium.support.ui.WebDriverWait.timeoutException(WebDriverWait.java:85)
	at org.openqa.selenium.support.ui.FluentWait.until(FluentWait.java:228)
	at AmazonPractice.AmazonHomeLoginPage.verifyAccount(AmazonHomeLoginPage.java:170)
	at AmazonPractice.TC_6Filters.loginwithDDT(TC_6Filters.java:30)
	at java.base/jdk.internal.reflect.NativeMethodAccessorImpl.invoke0(Native Method)
	at java.base/jdk.internal.reflect.NativeMethodAccessorImpl.invoke(NativeMethodAccessorImpl.java:77)
	at java.base/jdk.internal.reflect.DelegatingMethodAccessorImpl.invoke(DelegatingMethodAccessorImpl.java:43)
	at java.base/java.lang.reflect.Method.invoke(Method.java:568)
	at org.testng.internal.invokers.MethodInvocationHelper.invokeMethod(MethodInvocationHelper.java:141)
	at org.testng.internal.invokers.TestInvoker.invokeMethod(TestInvoker.java:686)
	at org.testng.internal.invokers.TestInvoker.retryFailed(TestInvoker.java:269)
	at org.testng.internal.invokers.MethodRunner.runInSequence(MethodRunner.java:76)
	at org.testng.internal.invokers.TestInvoker$MethodInvocationAgent.invoke(TestInvoker.java:992)
	at org.testng.internal.invokers.TestInvoker.invokeTestMethods(TestInvoker.java:203)
	at org.testng.internal.invokers.TestMethodWorker.invokeTestMethods(TestMethodWorker.java:154)
	at org.testng.internal.invokers.TestMethodWorker.run(TestMethodWorker.java:134)
	at java.base/java.util.ArrayList.forEach(ArrayList.java:1511)
	at org.testng.TestRunner.privateRun(TestRunner.java:739)
	at org.testng.TestRunner.run(TestRunner.java:614)
	at org.testng.SuiteRunner.runTest(SuiteRunner.java:421)
	at org.testng.SuiteRunner.runSequentially(SuiteRunner.java:413)
	at org.testng.SuiteRunner.privateRun(SuiteRunner.java:373)
	at org.testng.SuiteRunner.run(SuiteRunner.java:312)
	at org.testng.SuiteRunnerWorker.runSuite(SuiteRunnerWorker.java:52)
	at org.testng.SuiteRunnerWorker.run(SuiteRunnerWorker.java:95)
	at org.testng.TestNG.runSuitesSequentially(TestNG.java:1274)
	at org.testng.TestNG.runSuitesLocally(TestNG.java:1208)
	at org.testng.TestNG.runSuites(TestNG.java:1112)
	at org.testng.TestNG.run(TestNG.java:1079)
	at org.apache.maven.surefire.testng.TestNGExecutor.run(TestNGExecutor.java:308)
	at org.apache.maven.surefire.testng.TestNGXmlTestSuite.execute(TestNGXmlTestSuite.java:71)
	at org.apache.maven.surefire.testng.TestNGProvider.invoke(TestNGProvider.java:113)
	at org.apache.maven.surefire.booter.ForkedBooter.runSuitesInProcess(ForkedBooter.java:385)
	at org.apache.maven.surefire.booter.ForkedBooter.execute(ForkedBooter.java:162)
	at org.apache.maven.surefire.booter.ForkedBooter.run(ForkedBooter.java:507)
	at org.apache.maven.surefire.booter.ForkedBooter.main(ForkedBooter.java:495)
]]></failure>
  </testcase>
  <testcase name="loginwithDDT[anujagaikwad86@gmail.com, anuja@89, , ](4)" classname="AmazonPractice.TC_6Filters" time="0.0">
    <skipped message="Cannot invoke &quot;org.openqa.selenium.WebDriver.getClass()&quot; because &quot;exceptionDriver&quot; is null"/>
  </testcase>
  <testcase name="loginwithDDT[anujagaikwad86@gmail.com, anuja@89, , ](5)" classname="AmazonPractice.TC_6Filters" time="0.0">
    <skipped message="stale element reference: stale element not found&#10;  (Session info: chrome=137.0.7151.119)&#10;For documentation on this error, please visit: https://www.selenium.dev/documentation/webdriver/troubleshooting/errors#stale-element-reference-exception&#10;Build info: version: &apos;4.33.0&apos;, revision: &apos;2c6aaad03a&apos;&#10;System info: os.name: &apos;Windows 11&apos;, os.arch: &apos;amd64&apos;, os.version: &apos;10.0&apos;, java.version: &apos;17.0.12&apos;&#10;Driver info: org.openqa.selenium.chrome.ChromeDriver&#10;Command: [86e82acf3cff6b149b0b7699a0209b37, clickElement {id=f.6E2EC5B39AC0B2D48EC713D48480BE9F.d.E6C0BB237E47B03ECC722F626C1BB1FA.e.1408}]&#10;Capabilities {acceptInsecureCerts: false, browserName: chrome, browserVersion: 137.0.7151.119, chrome: {chromedriverVersion: 137.0.7151.119 (e0ac9d12dff..., userDataDir: C:\Users\ganesh\AppData\Loc...}, fedcm:accounts: true, goog:chromeOptions: {debuggerAddress: localhost:58023}, networkConnectionEnabled: false, pageLoadStrategy: normal, platformName: windows, proxy: Proxy(), se:cdp: ws://localhost:58023/devtoo..., se:cdpVersion: 137.0.7151.119, setWindowRect: true, strictFileInteractability: false, timeouts: {implicit: 0, pageLoad: 300000, script: 30000}, unhandledPromptBehavior: dismiss and notify, webauthn:extension:credBlob: true, webauthn:extension:largeBlob: true, webauthn:extension:minPinLength: true, webauthn:extension:prf: true, webauthn:virtualAuthenticators: true}&#10;Element: [[ChromeDriver: chrome on windows (86e82acf3cff6b149b0b7699a0209b37)] -&gt; class name: a-button-input]&#10;Session ID: 86e82acf3cff6b149b0b7699a0209b37"/>
  </testcase>
  <testcase name="loginwithDDT[anujagaikwad86@gmail.com, anuja@89, , ](6)" classname="AmazonPractice.TC_6Filters" time="54.663"/>
  <testcase name="loginwithDDT[, , , 0](1)" classname="AmazonPractice.TC_7ProductPageInfo" time="0.0">
    <skipped message="Cannot invoke &quot;org.openqa.selenium.WebDriver.getClass()&quot; because &quot;exceptionDriver&quot; is null"/>
  </testcase>
  <testcase name="loginwithDDT[, , , 0](2)" classname="AmazonPractice.TC_7ProductPageInfo" time="0.0">
    <skipped message="Cannot invoke &quot;org.openqa.selenium.WebDriver.getClass()&quot; because &quot;exceptionDriver&quot; is null"/>
  </testcase>
  <testcase name="loginwithDDT[, , , 0](3)" classname="AmazonPractice.TC_7ProductPageInfo" time="124.68">
    <failure message="Cannot invoke &quot;org.openqa.selenium.WebDriver.getClass()&quot; because &quot;exceptionDriver&quot; is null" type="java.lang.NullPointerException"><![CDATA[java.lang.NullPointerException: Cannot invoke "org.openqa.selenium.WebDriver.getClass()" because "exceptionDriver" is null
	at org.openqa.selenium.support.ui.WebDriverWait.timeoutException(WebDriverWait.java:85)
	at org.openqa.selenium.support.ui.FluentWait.until(FluentWait.java:228)
	at AmazonPractice.AmazonHomeLoginPage.verifyAccount(AmazonHomeLoginPage.java:170)
	at AmazonPractice.TC_7ProductPageInfo.loginwithDDT(TC_7ProductPageInfo.java:31)
	at java.base/jdk.internal.reflect.NativeMethodAccessorImpl.invoke0(Native Method)
	at java.base/jdk.internal.reflect.NativeMethodAccessorImpl.invoke(NativeMethodAccessorImpl.java:77)
	at java.base/jdk.internal.reflect.DelegatingMethodAccessorImpl.invoke(DelegatingMethodAccessorImpl.java:43)
	at java.base/java.lang.reflect.Method.invoke(Method.java:568)
	at org.testng.internal.invokers.MethodInvocationHelper.invokeMethod(MethodInvocationHelper.java:141)
	at org.testng.internal.invokers.TestInvoker.invokeMethod(TestInvoker.java:686)
	at org.testng.internal.invokers.TestInvoker.retryFailed(TestInvoker.java:269)
	at org.testng.internal.invokers.MethodRunner.runInSequence(MethodRunner.java:76)
	at org.testng.internal.invokers.TestInvoker$MethodInvocationAgent.invoke(TestInvoker.java:992)
	at org.testng.internal.invokers.TestInvoker.invokeTestMethods(TestInvoker.java:203)
	at org.testng.internal.invokers.TestMethodWorker.invokeTestMethods(TestMethodWorker.java:154)
	at org.testng.internal.invokers.TestMethodWorker.run(TestMethodWorker.java:134)
	at java.base/java.util.ArrayList.forEach(ArrayList.java:1511)
	at org.testng.TestRunner.privateRun(TestRunner.java:739)
	at org.testng.TestRunner.run(TestRunner.java:614)
	at org.testng.SuiteRunner.runTest(SuiteRunner.java:421)
	at org.testng.SuiteRunner.runSequentially(SuiteRunner.java:413)
	at org.testng.SuiteRunner.privateRun(SuiteRunner.java:373)
	at org.testng.SuiteRunner.run(SuiteRunner.java:312)
	at org.testng.SuiteRunnerWorker.runSuite(SuiteRunnerWorker.java:52)
	at org.testng.SuiteRunnerWorker.run(SuiteRunnerWorker.java:95)
	at org.testng.TestNG.runSuitesSequentially(TestNG.java:1274)
	at org.testng.TestNG.runSuitesLocally(TestNG.java:1208)
	at org.testng.TestNG.runSuites(TestNG.java:1112)
	at org.testng.TestNG.run(TestNG.java:1079)
	at org.apache.maven.surefire.testng.TestNGExecutor.run(TestNGExecutor.java:308)
	at org.apache.maven.surefire.testng.TestNGXmlTestSuite.execute(TestNGXmlTestSuite.java:71)
	at org.apache.maven.surefire.testng.TestNGProvider.invoke(TestNGProvider.java:113)
	at org.apache.maven.surefire.booter.ForkedBooter.runSuitesInProcess(ForkedBooter.java:385)
	at org.apache.maven.surefire.booter.ForkedBooter.execute(ForkedBooter.java:162)
	at org.apache.maven.surefire.booter.ForkedBooter.run(ForkedBooter.java:507)
	at org.apache.maven.surefire.booter.ForkedBooter.main(ForkedBooter.java:495)
]]></failure>
  </testcase>
  <testcase name="loginwithDDT[anujagaikwad86@gmail.com, anuja@89, , ](4)" classname="AmazonPractice.TC_7ProductPageInfo" time="67.309">
    <system-out><![CDATA[[[[ChromeDriver: chrome on windows (6bd02a5c77f0f33d576be925f6bd0966)] -> xpath: //img[@class="s-image"]], [[ChromeDriver: chrome on windows (6bd02a5c77f0f33d576be925f6bd0966)] -> xpath: //img[@class="s-image"]], [[ChromeDriver: chrome on windows (6bd02a5c77f0f33d576be925f6bd0966)] -> xpath: //img[@class="s-image"]], [[ChromeDriver: chrome on windows (6bd02a5c77f0f33d576be925f6bd0966)] -> xpath: //img[@class="s-image"]], [[ChromeDriver: chrome on windows (6bd02a5c77f0f33d576be925f6bd0966)] -> xpath: //img[@class="s-image"]], [[ChromeDriver: chrome on windows (6bd02a5c77f0f33d576be925f6bd0966)] -> xpath: //img[@class="s-image"]], [[ChromeDriver: chrome on windows (6bd02a5c77f0f33d576be925f6bd0966)] -> xpath: //img[@class="s-image"]], [[ChromeDriver: chrome on windows (6bd02a5c77f0f33d576be925f6bd0966)] -> xpath: //img[@class="s-image"]], [[ChromeDriver: chrome on windows (6bd02a5c77f0f33d576be925f6bd0966)] -> xpath: //img[@class="s-image"]], [[ChromeDriver: chrome on windows (6bd02a5c77f0f33d576be925f6bd0966)] -> xpath: //img[@class="s-image"]], [[ChromeDriver: chrome on windows (6bd02a5c77f0f33d576be925f6bd0966)] -> xpath: //img[@class="s-image"]], [[ChromeDriver: chrome on windows (6bd02a5c77f0f33d576be925f6bd0966)] -> xpath: //img[@class="s-image"]], [[ChromeDriver: chrome on windows (6bd02a5c77f0f33d576be925f6bd0966)] -> xpath: //img[@class="s-image"]], [[ChromeDriver: chrome on windows (6bd02a5c77f0f33d576be925f6bd0966)] -> xpath: //img[@class="s-image"]], [[ChromeDriver: chrome on windows (6bd02a5c77f0f33d576be925f6bd0966)] -> xpath: //img[@class="s-image"]], [[ChromeDriver: chrome on windows (6bd02a5c77f0f33d576be925f6bd0966)] -> xpath: //img[@class="s-image"]], [[ChromeDriver: chrome on windows (6bd02a5c77f0f33d576be925f6bd0966)] -> xpath: //img[@class="s-image"]], [[ChromeDriver: chrome on windows (6bd02a5c77f0f33d576be925f6bd0966)] -> xpath: //img[@class="s-image"]], [[ChromeDriver: chrome on windows (6bd02a5c77f0f33d576be925f6bd0966)] -> xpath: //img[@class="s-image"]], [[ChromeDriver: chrome on windows (6bd02a5c77f0f33d576be925f6bd0966)] -> xpath: //img[@class="s-image"]], [[ChromeDriver: chrome on windows (6bd02a5c77f0f33d576be925f6bd0966)] -> xpath: //img[@class="s-image"]], [[ChromeDriver: chrome on windows (6bd02a5c77f0f33d576be925f6bd0966)] -> xpath: //img[@class="s-image"]], [[ChromeDriver: chrome on windows (6bd02a5c77f0f33d576be925f6bd0966)] -> xpath: //img[@class="s-image"]], [[ChromeDriver: chrome on windows (6bd02a5c77f0f33d576be925f6bd0966)] -> xpath: //img[@class="s-image"]], [[ChromeDriver: chrome on windows (6bd02a5c77f0f33d576be925f6bd0966)] -> xpath: //img[@class="s-image"]], [[ChromeDriver: chrome on windows (6bd02a5c77f0f33d576be925f6bd0966)] -> xpath: //img[@class="s-image"]], [[ChromeDriver: chrome on windows (6bd02a5c77f0f33d576be925f6bd0966)] -> xpath: //img[@class="s-image"]], [[ChromeDriver: chrome on windows (6bd02a5c77f0f33d576be925f6bd0966)] -> xpath: //img[@class="s-image"]], [[ChromeDriver: chrome on windows (6bd02a5c77f0f33d576be925f6bd0966)] -> xpath: //img[@class="s-image"]], [[ChromeDriver: chrome on windows (6bd02a5c77f0f33d576be925f6bd0966)] -> xpath: //img[@class="s-image"]], [[ChromeDriver: chrome on windows (6bd02a5c77f0f33d576be925f6bd0966)] -> xpath: //img[@class="s-image"]], [[ChromeDriver: chrome on windows (6bd02a5c77f0f33d576be925f6bd0966)] -> xpath: //img[@class="s-image"]], [[ChromeDriver: chrome on windows (6bd02a5c77f0f33d576be925f6bd0966)] -> xpath: //img[@class="s-image"]], [[ChromeDriver: chrome on windows (6bd02a5c77f0f33d576be925f6bd0966)] -> xpath: //img[@class="s-image"]], [[ChromeDriver: chrome on windows (6bd02a5c77f0f33d576be925f6bd0966)] -> xpath: //img[@class="s-image"]], [[ChromeDriver: chrome on windows (6bd02a5c77f0f33d576be925f6bd0966)] -> xpath: //img[@class="s-image"]], [[ChromeDriver: chrome on windows (6bd02a5c77f0f33d576be925f6bd0966)] -> xpath: //img[@class="s-image"]], [[ChromeDriver: chrome on windows (6bd02a5c77f0f33d576be925f6bd0966)] -> xpath: //img[@class="s-image"]], [[ChromeDriver: chrome on windows (6bd02a5c77f0f33d576be925f6bd0966)] -> xpath: //img[@class="s-image"]], [[ChromeDriver: chrome on windows (6bd02a5c77f0f33d576be925f6bd0966)] -> xpath: //img[@class="s-image"]], [[ChromeDriver: chrome on windows (6bd02a5c77f0f33d576be925f6bd0966)] -> xpath: //img[@class="s-image"]], [[ChromeDriver: chrome on windows (6bd02a5c77f0f33d576be925f6bd0966)] -> xpath: //img[@class="s-image"]], [[ChromeDriver: chrome on windows (6bd02a5c77f0f33d576be925f6bd0966)] -> xpath: //img[@class="s-image"]], [[ChromeDriver: chrome on windows (6bd02a5c77f0f33d576be925f6bd0966)] -> xpath: //img[@class="s-image"]], [[ChromeDriver: chrome on windows (6bd02a5c77f0f33d576be925f6bd0966)] -> xpath: //img[@class="s-image"]], [[ChromeDriver: chrome on windows (6bd02a5c77f0f33d576be925f6bd0966)] -> xpath: //img[@class="s-image"]], [[ChromeDriver: chrome on windows (6bd02a5c77f0f33d576be925f6bd0966)] -> xpath: //img[@class="s-image"]], [[ChromeDriver: chrome on windows (6bd02a5c77f0f33d576be925f6bd0966)] -> xpath: //img[@class="s-image"]], [[ChromeDriver: chrome on windows (6bd02a5c77f0f33d576be925f6bd0966)] -> xpath: //img[@class="s-image"]], [[ChromeDriver: chrome on windows (6bd02a5c77f0f33d576be925f6bd0966)] -> xpath: //img[@class="s-image"]], [[ChromeDriver: chrome on windows (6bd02a5c77f0f33d576be925f6bd0966)] -> xpath: //img[@class="s-image"]], [[ChromeDriver: chrome on windows (6bd02a5c77f0f33d576be925f6bd0966)] -> xpath: //img[@class="s-image"]], [[ChromeDriver: chrome on windows (6bd02a5c77f0f33d576be925f6bd0966)] -> xpath: //img[@class="s-image"]], [[ChromeDriver: chrome on windows (6bd02a5c77f0f33d576be925f6bd0966)] -> xpath: //img[@class="s-image"]], [[ChromeDriver: chrome on windows (6bd02a5c77f0f33d576be925f6bd0966)] -> xpath: //img[@class="s-image"]], [[ChromeDriver: chrome on windows (6bd02a5c77f0f33d576be925f6bd0966)] -> xpath: //img[@class="s-image"]], [[ChromeDriver: chrome on windows (6bd02a5c77f0f33d576be925f6bd0966)] -> xpath: //img[@class="s-image"]], [[ChromeDriver: chrome on windows (6bd02a5c77f0f33d576be925f6bd0966)] -> xpath: //img[@class="s-image"]], [[ChromeDriver: chrome on windows (6bd02a5c77f0f33d576be925f6bd0966)] -> xpath: //img[@class="s-image"]], [[ChromeDriver: chrome on windows (6bd02a5c77f0f33d576be925f6bd0966)] -> xpath: //img[@class="s-image"]], [[ChromeDriver: chrome on windows (6bd02a5c77f0f33d576be925f6bd0966)] -> xpath: //img[@class="s-image"]], [[ChromeDriver: chrome on windows (6bd02a5c77f0f33d576be925f6bd0966)] -> xpath: //img[@class="s-image"]], [[ChromeDriver: chrome on windows (6bd02a5c77f0f33d576be925f6bd0966)] -> xpath: //img[@class="s-image"]], [[ChromeDriver: chrome on windows (6bd02a5c77f0f33d576be925f6bd0966)] -> xpath: //img[@class="s-image"]], [[ChromeDriver: chrome on windows (6bd02a5c77f0f33d576be925f6bd0966)] -> xpath: //img[@class="s-image"]], [[ChromeDriver: chrome on windows (6bd02a5c77f0f33d576be925f6bd0966)] -> xpath: //img[@class="s-image"]], [[ChromeDriver: chrome on windows (6bd02a5c77f0f33d576be925f6bd0966)] -> xpath: //img[@class="s-image"]], [[ChromeDriver: chrome on windows (6bd02a5c77f0f33d576be925f6bd0966)] -> xpath: //img[@class="s-image"]], [[ChromeDriver: chrome on windows (6bd02a5c77f0f33d576be925f6bd0966)] -> xpath: //img[@class="s-image"]], [[ChromeDriver: chrome on windows (6bd02a5c77f0f33d576be925f6bd0966)] -> xpath: //img[@class="s-image"]], [[ChromeDriver: chrome on windows (6bd02a5c77f0f33d576be925f6bd0966)] -> xpath: //img[@class="s-image"]], [[ChromeDriver: chrome on windows (6bd02a5c77f0f33d576be925f6bd0966)] -> xpath: //img[@class="s-image"]]]
]]></system-out>
  </testcase>
  <testcase name="loginwithDDT[, , , 0](1)" classname="AmazonPractice.TC_8ProductSort" time="0.0">
    <skipped message="Cannot invoke &quot;org.openqa.selenium.WebDriver.getClass()&quot; because &quot;exceptionDriver&quot; is null"/>
  </testcase>
  <testcase name="loginwithDDT[, , , 0](2)" classname="AmazonPractice.TC_8ProductSort" time="0.0">
    <skipped message="Cannot invoke &quot;org.openqa.selenium.WebDriver.getClass()&quot; because &quot;exceptionDriver&quot; is null"/>
  </testcase>
  <testcase name="loginwithDDT[, , , 0](3)" classname="AmazonPractice.TC_8ProductSort" time="124.839">
    <failure message="Cannot invoke &quot;org.openqa.selenium.WebDriver.getClass()&quot; because &quot;exceptionDriver&quot; is null" type="java.lang.NullPointerException"><![CDATA[java.lang.NullPointerException: Cannot invoke "org.openqa.selenium.WebDriver.getClass()" because "exceptionDriver" is null
	at org.openqa.selenium.support.ui.WebDriverWait.timeoutException(WebDriverWait.java:85)
	at org.openqa.selenium.support.ui.FluentWait.until(FluentWait.java:228)
	at AmazonPractice.AmazonHomeLoginPage.verifyAccount(AmazonHomeLoginPage.java:170)
	at AmazonPractice.TC_8ProductSort.loginwithDDT(TC_8ProductSort.java:30)
	at java.base/jdk.internal.reflect.NativeMethodAccessorImpl.invoke0(Native Method)
	at java.base/jdk.internal.reflect.NativeMethodAccessorImpl.invoke(NativeMethodAccessorImpl.java:77)
	at java.base/jdk.internal.reflect.DelegatingMethodAccessorImpl.invoke(DelegatingMethodAccessorImpl.java:43)
	at java.base/java.lang.reflect.Method.invoke(Method.java:568)
	at org.testng.internal.invokers.MethodInvocationHelper.invokeMethod(MethodInvocationHelper.java:141)
	at org.testng.internal.invokers.TestInvoker.invokeMethod(TestInvoker.java:686)
	at org.testng.internal.invokers.TestInvoker.retryFailed(TestInvoker.java:269)
	at org.testng.internal.invokers.MethodRunner.runInSequence(MethodRunner.java:76)
	at org.testng.internal.invokers.TestInvoker$MethodInvocationAgent.invoke(TestInvoker.java:992)
	at org.testng.internal.invokers.TestInvoker.invokeTestMethods(TestInvoker.java:203)
	at org.testng.internal.invokers.TestMethodWorker.invokeTestMethods(TestMethodWorker.java:154)
	at org.testng.internal.invokers.TestMethodWorker.run(TestMethodWorker.java:134)
	at java.base/java.util.ArrayList.forEach(ArrayList.java:1511)
	at org.testng.TestRunner.privateRun(TestRunner.java:739)
	at org.testng.TestRunner.run(TestRunner.java:614)
	at org.testng.SuiteRunner.runTest(SuiteRunner.java:421)
	at org.testng.SuiteRunner.runSequentially(SuiteRunner.java:413)
	at org.testng.SuiteRunner.privateRun(SuiteRunner.java:373)
	at org.testng.SuiteRunner.run(SuiteRunner.java:312)
	at org.testng.SuiteRunnerWorker.runSuite(SuiteRunnerWorker.java:52)
	at org.testng.SuiteRunnerWorker.run(SuiteRunnerWorker.java:95)
	at org.testng.TestNG.runSuitesSequentially(TestNG.java:1274)
	at org.testng.TestNG.runSuitesLocally(TestNG.java:1208)
	at org.testng.TestNG.runSuites(TestNG.java:1112)
	at org.testng.TestNG.run(TestNG.java:1079)
	at org.apache.maven.surefire.testng.TestNGExecutor.run(TestNGExecutor.java:308)
	at org.apache.maven.surefire.testng.TestNGXmlTestSuite.execute(TestNGXmlTestSuite.java:71)
	at org.apache.maven.surefire.testng.TestNGProvider.invoke(TestNGProvider.java:113)
	at org.apache.maven.surefire.booter.ForkedBooter.runSuitesInProcess(ForkedBooter.java:385)
	at org.apache.maven.surefire.booter.ForkedBooter.execute(ForkedBooter.java:162)
	at org.apache.maven.surefire.booter.ForkedBooter.run(ForkedBooter.java:507)
	at org.apache.maven.surefire.booter.ForkedBooter.main(ForkedBooter.java:495)
]]></failure>
  </testcase>
  <testcase name="loginwithDDT[anujagaikwad86@gmail.com, anuja@89, , ](4)" classname="AmazonPractice.TC_8ProductSort" time="72.583"/>
  <testcase name="loginwithDDT[, , , 0](1)" classname="AmazonPractice.TC_9AddToCart" time="0.0">
    <skipped message="Cannot invoke &quot;org.openqa.selenium.WebDriver.getClass()&quot; because &quot;exceptionDriver&quot; is null"/>
  </testcase>
  <testcase name="loginwithDDT[, , , 0](2)" classname="AmazonPractice.TC_9AddToCart" time="0.0">
    <skipped message="Cannot invoke &quot;org.openqa.selenium.WebDriver.getClass()&quot; because &quot;exceptionDriver&quot; is null"/>
  </testcase>
  <testcase name="loginwithDDT[, , , 0](3)" classname="AmazonPractice.TC_9AddToCart" time="124.599">
    <failure message="Cannot invoke &quot;org.openqa.selenium.WebDriver.getClass()&quot; because &quot;exceptionDriver&quot; is null" type="java.lang.NullPointerException"><![CDATA[java.lang.NullPointerException: Cannot invoke "org.openqa.selenium.WebDriver.getClass()" because "exceptionDriver" is null
	at org.openqa.selenium.support.ui.WebDriverWait.timeoutException(WebDriverWait.java:85)
	at org.openqa.selenium.support.ui.FluentWait.until(FluentWait.java:228)
	at AmazonPractice.AmazonHomeLoginPage.verifyAccount(AmazonHomeLoginPage.java:170)
	at AmazonPractice.TC_9AddToCart.loginwithDDT(TC_9AddToCart.java:31)
	at java.base/jdk.internal.reflect.NativeMethodAccessorImpl.invoke0(Native Method)
	at java.base/jdk.internal.reflect.NativeMethodAccessorImpl.invoke(NativeMethodAccessorImpl.java:77)
	at java.base/jdk.internal.reflect.DelegatingMethodAccessorImpl.invoke(DelegatingMethodAccessorImpl.java:43)
	at java.base/java.lang.reflect.Method.invoke(Method.java:568)
	at org.testng.internal.invokers.MethodInvocationHelper.invokeMethod(MethodInvocationHelper.java:141)
	at org.testng.internal.invokers.TestInvoker.invokeMethod(TestInvoker.java:686)
	at org.testng.internal.invokers.TestInvoker.retryFailed(TestInvoker.java:269)
	at org.testng.internal.invokers.MethodRunner.runInSequence(MethodRunner.java:76)
	at org.testng.internal.invokers.TestInvoker$MethodInvocationAgent.invoke(TestInvoker.java:992)
	at org.testng.internal.invokers.TestInvoker.invokeTestMethods(TestInvoker.java:203)
	at org.testng.internal.invokers.TestMethodWorker.invokeTestMethods(TestMethodWorker.java:154)
	at org.testng.internal.invokers.TestMethodWorker.run(TestMethodWorker.java:134)
	at java.base/java.util.ArrayList.forEach(ArrayList.java:1511)
	at org.testng.TestRunner.privateRun(TestRunner.java:739)
	at org.testng.TestRunner.run(TestRunner.java:614)
	at org.testng.SuiteRunner.runTest(SuiteRunner.java:421)
	at org.testng.SuiteRunner.runSequentially(SuiteRunner.java:413)
	at org.testng.SuiteRunner.privateRun(SuiteRunner.java:373)
	at org.testng.SuiteRunner.run(SuiteRunner.java:312)
	at org.testng.SuiteRunnerWorker.runSuite(SuiteRunnerWorker.java:52)
	at org.testng.SuiteRunnerWorker.run(SuiteRunnerWorker.java:95)
	at org.testng.TestNG.runSuitesSequentially(TestNG.java:1274)
	at org.testng.TestNG.runSuitesLocally(TestNG.java:1208)
	at org.testng.TestNG.runSuites(TestNG.java:1112)
	at org.testng.TestNG.run(TestNG.java:1079)
	at org.apache.maven.surefire.testng.TestNGExecutor.run(TestNGExecutor.java:308)
	at org.apache.maven.surefire.testng.TestNGXmlTestSuite.execute(TestNGXmlTestSuite.java:71)
	at org.apache.maven.surefire.testng.TestNGProvider.invoke(TestNGProvider.java:113)
	at org.apache.maven.surefire.booter.ForkedBooter.runSuitesInProcess(ForkedBooter.java:385)
	at org.apache.maven.surefire.booter.ForkedBooter.execute(ForkedBooter.java:162)
	at org.apache.maven.surefire.booter.ForkedBooter.run(ForkedBooter.java:507)
	at org.apache.maven.surefire.booter.ForkedBooter.main(ForkedBooter.java:495)
]]></failure>
  </testcase>
  <testcase name="loginwithDDT[anujagaikwad86@gmail.com, anuja@89, , ](4)" classname="AmazonPractice.TC_9AddToCart" time="51.69">
    <system-out><![CDATA[[[[ChromeDriver: chrome on windows (390f5554d25ce7c5aa44462d7b7b85f4)] -> xpath: //img[@class="s-image"]], [[ChromeDriver: chrome on windows (390f5554d25ce7c5aa44462d7b7b85f4)] -> xpath: //img[@class="s-image"]], [[ChromeDriver: chrome on windows (390f5554d25ce7c5aa44462d7b7b85f4)] -> xpath: //img[@class="s-image"]], [[ChromeDriver: chrome on windows (390f5554d25ce7c5aa44462d7b7b85f4)] -> xpath: //img[@class="s-image"]], [[ChromeDriver: chrome on windows (390f5554d25ce7c5aa44462d7b7b85f4)] -> xpath: //img[@class="s-image"]], [[ChromeDriver: chrome on windows (390f5554d25ce7c5aa44462d7b7b85f4)] -> xpath: //img[@class="s-image"]], [[ChromeDriver: chrome on windows (390f5554d25ce7c5aa44462d7b7b85f4)] -> xpath: //img[@class="s-image"]], [[ChromeDriver: chrome on windows (390f5554d25ce7c5aa44462d7b7b85f4)] -> xpath: //img[@class="s-image"]], [[ChromeDriver: chrome on windows (390f5554d25ce7c5aa44462d7b7b85f4)] -> xpath: //img[@class="s-image"]], [[ChromeDriver: chrome on windows (390f5554d25ce7c5aa44462d7b7b85f4)] -> xpath: //img[@class="s-image"]], [[ChromeDriver: chrome on windows (390f5554d25ce7c5aa44462d7b7b85f4)] -> xpath: //img[@class="s-image"]], [[ChromeDriver: chrome on windows (390f5554d25ce7c5aa44462d7b7b85f4)] -> xpath: //img[@class="s-image"]], [[ChromeDriver: chrome on windows (390f5554d25ce7c5aa44462d7b7b85f4)] -> xpath: //img[@class="s-image"]], [[ChromeDriver: chrome on windows (390f5554d25ce7c5aa44462d7b7b85f4)] -> xpath: //img[@class="s-image"]], [[ChromeDriver: chrome on windows (390f5554d25ce7c5aa44462d7b7b85f4)] -> xpath: //img[@class="s-image"]], [[ChromeDriver: chrome on windows (390f5554d25ce7c5aa44462d7b7b85f4)] -> xpath: //img[@class="s-image"]], [[ChromeDriver: chrome on windows (390f5554d25ce7c5aa44462d7b7b85f4)] -> xpath: //img[@class="s-image"]], [[ChromeDriver: chrome on windows (390f5554d25ce7c5aa44462d7b7b85f4)] -> xpath: //img[@class="s-image"]], [[ChromeDriver: chrome on windows (390f5554d25ce7c5aa44462d7b7b85f4)] -> xpath: //img[@class="s-image"]], [[ChromeDriver: chrome on windows (390f5554d25ce7c5aa44462d7b7b85f4)] -> xpath: //img[@class="s-image"]], [[ChromeDriver: chrome on windows (390f5554d25ce7c5aa44462d7b7b85f4)] -> xpath: //img[@class="s-image"]], [[ChromeDriver: chrome on windows (390f5554d25ce7c5aa44462d7b7b85f4)] -> xpath: //img[@class="s-image"]], [[ChromeDriver: chrome on windows (390f5554d25ce7c5aa44462d7b7b85f4)] -> xpath: //img[@class="s-image"]], [[ChromeDriver: chrome on windows (390f5554d25ce7c5aa44462d7b7b85f4)] -> xpath: //img[@class="s-image"]], [[ChromeDriver: chrome on windows (390f5554d25ce7c5aa44462d7b7b85f4)] -> xpath: //img[@class="s-image"]], [[ChromeDriver: chrome on windows (390f5554d25ce7c5aa44462d7b7b85f4)] -> xpath: //img[@class="s-image"]], [[ChromeDriver: chrome on windows (390f5554d25ce7c5aa44462d7b7b85f4)] -> xpath: //img[@class="s-image"]], [[ChromeDriver: chrome on windows (390f5554d25ce7c5aa44462d7b7b85f4)] -> xpath: //img[@class="s-image"]], [[ChromeDriver: chrome on windows (390f5554d25ce7c5aa44462d7b7b85f4)] -> xpath: //img[@class="s-image"]], [[ChromeDriver: chrome on windows (390f5554d25ce7c5aa44462d7b7b85f4)] -> xpath: //img[@class="s-image"]], [[ChromeDriver: chrome on windows (390f5554d25ce7c5aa44462d7b7b85f4)] -> xpath: //img[@class="s-image"]], [[ChromeDriver: chrome on windows (390f5554d25ce7c5aa44462d7b7b85f4)] -> xpath: //img[@class="s-image"]], [[ChromeDriver: chrome on windows (390f5554d25ce7c5aa44462d7b7b85f4)] -> xpath: //img[@class="s-image"]], [[ChromeDriver: chrome on windows (390f5554d25ce7c5aa44462d7b7b85f4)] -> xpath: //img[@class="s-image"]], [[ChromeDriver: chrome on windows (390f5554d25ce7c5aa44462d7b7b85f4)] -> xpath: //img[@class="s-image"]], [[ChromeDriver: chrome on windows (390f5554d25ce7c5aa44462d7b7b85f4)] -> xpath: //img[@class="s-image"]], [[ChromeDriver: chrome on windows (390f5554d25ce7c5aa44462d7b7b85f4)] -> xpath: //img[@class="s-image"]], [[ChromeDriver: chrome on windows (390f5554d25ce7c5aa44462d7b7b85f4)] -> xpath: //img[@class="s-image"]], [[ChromeDriver: chrome on windows (390f5554d25ce7c5aa44462d7b7b85f4)] -> xpath: //img[@class="s-image"]], [[ChromeDriver: chrome on windows (390f5554d25ce7c5aa44462d7b7b85f4)] -> xpath: //img[@class="s-image"]], [[ChromeDriver: chrome on windows (390f5554d25ce7c5aa44462d7b7b85f4)] -> xpath: //img[@class="s-image"]], [[ChromeDriver: chrome on windows (390f5554d25ce7c5aa44462d7b7b85f4)] -> xpath: //img[@class="s-image"]], [[ChromeDriver: chrome on windows (390f5554d25ce7c5aa44462d7b7b85f4)] -> xpath: //img[@class="s-image"]], [[ChromeDriver: chrome on windows (390f5554d25ce7c5aa44462d7b7b85f4)] -> xpath: //img[@class="s-image"]], [[ChromeDriver: chrome on windows (390f5554d25ce7c5aa44462d7b7b85f4)] -> xpath: //img[@class="s-image"]], [[ChromeDriver: chrome on windows (390f5554d25ce7c5aa44462d7b7b85f4)] -> xpath: //img[@class="s-image"]], [[ChromeDriver: chrome on windows (390f5554d25ce7c5aa44462d7b7b85f4)] -> xpath: //img[@class="s-image"]], [[ChromeDriver: chrome on windows (390f5554d25ce7c5aa44462d7b7b85f4)] -> xpath: //img[@class="s-image"]], [[ChromeDriver: chrome on windows (390f5554d25ce7c5aa44462d7b7b85f4)] -> xpath: //img[@class="s-image"]], [[ChromeDriver: chrome on windows (390f5554d25ce7c5aa44462d7b7b85f4)] -> xpath: //img[@class="s-image"]], [[ChromeDriver: chrome on windows (390f5554d25ce7c5aa44462d7b7b85f4)] -> xpath: //img[@class="s-image"]], [[ChromeDriver: chrome on windows (390f5554d25ce7c5aa44462d7b7b85f4)] -> xpath: //img[@class="s-image"]], [[ChromeDriver: chrome on windows (390f5554d25ce7c5aa44462d7b7b85f4)] -> xpath: //img[@class="s-image"]], [[ChromeDriver: chrome on windows (390f5554d25ce7c5aa44462d7b7b85f4)] -> xpath: //img[@class="s-image"]], [[ChromeDriver: chrome on windows (390f5554d25ce7c5aa44462d7b7b85f4)] -> xpath: //img[@class="s-image"]], [[ChromeDriver: chrome on windows (390f5554d25ce7c5aa44462d7b7b85f4)] -> xpath: //img[@class="s-image"]], [[ChromeDriver: chrome on windows (390f5554d25ce7c5aa44462d7b7b85f4)] -> xpath: //img[@class="s-image"]], [[ChromeDriver: chrome on windows (390f5554d25ce7c5aa44462d7b7b85f4)] -> xpath: //img[@class="s-image"]], [[ChromeDriver: chrome on windows (390f5554d25ce7c5aa44462d7b7b85f4)] -> xpath: //img[@class="s-image"]], [[ChromeDriver: chrome on windows (390f5554d25ce7c5aa44462d7b7b85f4)] -> xpath: //img[@class="s-image"]], [[ChromeDriver: chrome on windows (390f5554d25ce7c5aa44462d7b7b85f4)] -> xpath: //img[@class="s-image"]], [[ChromeDriver: chrome on windows (390f5554d25ce7c5aa44462d7b7b85f4)] -> xpath: //img[@class="s-image"]], [[ChromeDriver: chrome on windows (390f5554d25ce7c5aa44462d7b7b85f4)] -> xpath: //img[@class="s-image"]], [[ChromeDriver: chrome on windows (390f5554d25ce7c5aa44462d7b7b85f4)] -> xpath: //img[@class="s-image"]], [[ChromeDriver: chrome on windows (390f5554d25ce7c5aa44462d7b7b85f4)] -> xpath: //img[@class="s-image"]], [[ChromeDriver: chrome on windows (390f5554d25ce7c5aa44462d7b7b85f4)] -> xpath: //img[@class="s-image"]], [[ChromeDriver: chrome on windows (390f5554d25ce7c5aa44462d7b7b85f4)] -> xpath: //img[@class="s-image"]], [[ChromeDriver: chrome on windows (390f5554d25ce7c5aa44462d7b7b85f4)] -> xpath: //img[@class="s-image"]], [[ChromeDriver: chrome on windows (390f5554d25ce7c5aa44462d7b7b85f4)] -> xpath: //img[@class="s-image"]], [[ChromeDriver: chrome on windows (390f5554d25ce7c5aa44462d7b7b85f4)] -> xpath: //img[@class="s-image"]], [[ChromeDriver: chrome on windows (390f5554d25ce7c5aa44462d7b7b85f4)] -> xpath: //img[@class="s-image"]], [[ChromeDriver: chrome on windows (390f5554d25ce7c5aa44462d7b7b85f4)] -> xpath: //img[@class="s-image"]]]
]]></system-out>
  </testcase>
</testsuite>