<?xml version="1.0" encoding="UTF-8"?>
<testng-results retried="2" ignored="2" total="19" passed="13" failed="2" skipped="0">
  <reporter-output>
    <line>
      <![CDATA[Test execution started - Listener]]>
    </line>
    <line>
      <![CDATA[Test case failed: registration]]>
    </line>
    <line>
      <![CDATA[Chrome browser is launched succesfully]]>
    </line>
    <line>
      <![CDATA[Test execution started - Listener]]>
    </line>
    <line>
      <![CDATA[Test case failed: registration]]>
    </line>
    <line>
      <![CDATA[Chrome browser is launched succesfully]]>
    </line>
    <line>
      <![CDATA[Test execution started - Listener]]>
    </line>
    <line>
      <![CDATA[Test case failed: registration]]>
    </line>
    <line>
      <![CDATA[Chrome browser is launched succesfully]]>
    </line>
    <line>
      <![CDATA[Test execution started - Listener]]>
    </line>
    <line>
      <![CDATA[Test case failed: registration]]>
    </line>
    <line>
      <![CDATA[Chrome browser is launched succesfully]]>
    </line>
    <line>
      <![CDATA[Test execution started - Listener]]>
    </line>
    <line>
      <![CDATA[Test case failed: registration]]>
    </line>
    <line>
      <![CDATA[Chrome browser is launched succesfully]]>
    </line>
    <line>
      <![CDATA[Exception is handaled]]>
    </line>
    <line>
      <![CDATA[Exception is handaled]]>
    </line>
    <line>
      <![CDATA[Invalid Username is entered]]>
    </line>
    <line>
      <![CDATA[Invalid Password is entered]]>
    </line>
    <line>
      <![CDATA[Exception is handaled]]>
    </line>
    <line>
      <![CDATA[Exception is Handeled]]>
    </line>
    <line>
      <![CDATA[Exception is Handeled]]>
    </line>
    <line>
      <![CDATA[Exception is Handeled]]>
    </line>
    <line>
      <![CDATA[Exception is Handeled]]>
    </line>
    <line>
      <![CDATA[Exception is Handeled]]>
    </line>
    <line>
      <![CDATA[Exception is Handeled]]>
    </line>
    <line>
      <![CDATA[Exception is Handeled]]>
    </line>
    <line>
      <![CDATA[Exception is Handeled]]>
    </line>
    <line>
      <![CDATA[Exception is Handeled]]>
    </line>
    <line>
      <![CDATA[Chrome browser is launched succesfully]]>
    </line>
    <line>
      <![CDATA[Invalid Username is entered]]>
    </line>
    <line>
      <![CDATA[Invalid Password is entered]]>
    </line>
    <line>
      <![CDATA[Exception is Handeled]]>
    </line>
    <line>
      <![CDATA[Exception is Handeled]]>
    </line>
    <line>
      <![CDATA[Exception is Handeled]]>
    </line>
    <line>
      <![CDATA[Test case passed: loginwithDDT]]>
    </line>
    <line>
      <![CDATA[Exception is Handeled]]>
    </line>
    <line>
      <![CDATA[Chrome browser is launched succesfully]]>
    </line>
    <line>
      <![CDATA[Exception is Handeled]]>
    </line>
    <line>
      <![CDATA[Exception is Handeled]]>
    </line>
    <line>
      <![CDATA[Exception is handaled]]>
    </line>
    <line>
      <![CDATA[Chrome browser is launched succesfully]]>
    </line>
    <line>
      <![CDATA[Exception is Handeled]]>
    </line>
    <line>
      <![CDATA[Test case passed: loginwithDDT]]>
    </line>
    <line>
      <![CDATA[Exception is Handeled]]>
    </line>
    <line>
      <![CDATA[Chrome browser is launched succesfully]]>
    </line>
    <line>
      <![CDATA[Exception is handaled]]>
    </line>
    <line>
      <![CDATA[Exception is handeled]]>
    </line>
    <line>
      <![CDATA[Exception is Handeled]]>
    </line>
    <line>
      <![CDATA[Invalid Username is entered]]>
    </line>
    <line>
      <![CDATA[Invalid Password is entered]]>
    </line>
    <line>
      <![CDATA[Exception is handaled]]>
    </line>
    <line>
      <![CDATA[Exception is Handeled]]>
    </line>
    <line>
      <![CDATA[Exception is handeled]]>
    </line>
    <line>
      <![CDATA[Exception is handeled]]>
    </line>
    <line>
      <![CDATA[Exception is Handeled]]>
    </line>
    <line>
      <![CDATA[Exception is handeled]]>
    </line>
    <line>
      <![CDATA[Exception is Handeled]]>
    </line>
    <line>
      <![CDATA[Exception is handeled]]>
    </line>
    <line>
      <![CDATA[Test case passed: applyingFilters]]>
    </line>
    <line>
      <![CDATA[Chrome browser is launched succesfully]]>
    </line>
    <line>
      <![CDATA[Exception is handeled]]>
    </line>
    <line>
      <![CDATA[Test case passed: loginwithDDT]]>
    </line>
    <line>
      <![CDATA[Chrome browser is launched succesfully]]>
    </line>
    <line>
      <![CDATA[Test case failed: loginWithInvalidEmail]]>
    </line>
    <line>
      <![CDATA[Exception is Handeled]]>
    </line>
    <line>
      <![CDATA[Chrome browser is launched succesfully]]>
    </line>
    <line>
      <![CDATA[Exception is handaled]]>
    </line>
    <line>
      <![CDATA[Exception is handaled]]>
    </line>
    <line>
      <![CDATA[Exception is handaled]]>
    </line>
    <line>
      <![CDATA[Exception is Handeled]]>
    </line>
    <line>
      <![CDATA[Exception is Handeled]]>
    </line>
    <line>
      <![CDATA[Exception is Handaled]]>
    </line>
    <line>
      <![CDATA[Exception is Handeled]]>
    </line>
    <line>
      <![CDATA[Exception is Handeled]]>
    </line>
    <line>
      <![CDATA[Exception is Handeled]]>
    </line>
    <line>
      <![CDATA[Exception is Handeled]]>
    </line>
    <line>
      <![CDATA[Exception is Handeled]]>
    </line>
    <line>
      <![CDATA[Exception is Handeled]]>
    </line>
    <line>
      <![CDATA[Exception is Handeled]]>
    </line>
    <line>
      <![CDATA[Test case passed: loginwithDDT]]>
    </line>
    <line>
      <![CDATA[Chrome browser is launched succesfully]]>
    </line>
    <line>
      <![CDATA[Exception is Handaled]]>
    </line>
    <line>
      <![CDATA[Exception is Handeled]]>
    </line>
    <line>
      <![CDATA[Exception is Handeled]]>
    </line>
    <line>
      <![CDATA[Exception is Handeled]]>
    </line>
    <line>
      <![CDATA[Exception is Handaled]]>
    </line>
    <line>
      <![CDATA[Test case passed: loginwithDDT]]>
    </line>
    <line>
      <![CDATA[Exception is Handeled]]>
    </line>
    <line>
      <![CDATA[Chrome browser is launched succesfully]]>
    </line>
    <line>
      <![CDATA[Exception is Handeled]]>
    </line>
    <line>
      <![CDATA[Exception is Handeled]]>
    </line>
    <line>
      <![CDATA[Exception is handaled]]>
    </line>
    <line>
      <![CDATA[Exception is Handeled]]>
    </line>
    <line>
      <![CDATA[Exception is Handeled]]>
    </line>
    <line>
      <![CDATA[Exception is Handaled]]>
    </line>
    <line>
      <![CDATA[Exception is Handaled]]>
    </line>
    <line>
      <![CDATA[Exception is Handaled]]>
    </line>
    <line>
      <![CDATA[Exception is handaled]]>
    </line>
    <line>
      <![CDATA[Test case passed: loginwithDDT]]>
    </line>
    <line>
      <![CDATA[Exception is Handeled]]>
    </line>
    <line>
      <![CDATA[Chrome browser is launched succesfully]]>
    </line>
    <line>
      <![CDATA[Exception is Handeled]]>
    </line>
    <line>
      <![CDATA[Exception is handaled]]>
    </line>
    <line>
      <![CDATA[Exception is handaled]]>
    </line>
    <line>
      <![CDATA[Exception is Handeled]]>
    </line>
    <line>
      <![CDATA[Exception is handeled]]>
    </line>
    <line>
      <![CDATA[Exception is Handeled]]>
    </line>
    <line>
      <![CDATA[Exception is handeled]]>
    </line>
    <line>
      <![CDATA[Exception is Handeled]]>
    </line>
    <line>
      <![CDATA[Exception is Handeled]]>
    </line>
    <line>
      <![CDATA[Exception is Handaled]]>
    </line>
    <line>
      <![CDATA[Test case passed: addRemoveproduct]]>
    </line>
    <line>
      <![CDATA[Chrome browser is launched succesfully]]>
    </line>
    <line>
      <![CDATA[Exception is Handeled]]>
    </line>
    <line>
      <![CDATA[Exception is handaled]]>
    </line>
    <line>
      <![CDATA[Exception is Handaled]]>
    </line>
    <line>
      <![CDATA[Exception is Handeled]]>
    </line>
    <line>
      <![CDATA[Test case passed: selectingAddressPaymentMethod]]>
    </line>
    <line>
      <![CDATA[Test case passed: GoingToCartwithoutLogin]]>
    </line>
    <line>
      <![CDATA[Exception is Handeled]]>
    </line>
    <line>
      <![CDATA[Exception is handeled]]>
    </line>
    <line>
      <![CDATA[Exception is Handaled]]>
    </line>
    <line>
      <![CDATA[Exception is handeled]]>
    </line>
    <line>
      <![CDATA[Test case passed: OrderingProuctWithCoupenCode]]>
    </line>
    <line>
      <![CDATA[Test case passed: givingRatingforLastOrder]]>
    </line>
    <line>
      <![CDATA[Test case passed: paymentMethodValidation]]>
    </line>
  </reporter-output>
  <suite started-at="2025-06-22T13:00:02 EDT" name="AmazonSuite" finished-at="2025-06-22T13:08:32 EDT" duration-ms="509944">
    <groups>
    </groups>
    <test started-at="2025-06-22T13:00:02 EDT" name="Test" finished-at="2025-06-22T13:08:32 EDT" duration-ms="509944">
      <class name="Amazon1.TC_2AmazonLogin">
        <test-method is-config="true" signature="browserLaunch(java.lang.String)[pri:0, instance:Amazon1.TC_2AmazonLogin@52bf72b5]" started-at="2025-06-22T13:00:03 EDT" name="browserLaunch" finished-at="2025-06-22T13:00:12 EDT" duration-ms="8395" status="PASS">
          <params>
            <param index="0">
              <value>
                <![CDATA[Chrome]]>
              </value>
            </param>
          </params>
          <reporter-output>
            <line>
              <![CDATA[Chrome browser is launched succesfully]]>
            </line>
          </reporter-output>
        </test-method> <!-- browserLaunch -->
        <test-method signature="loginwithDDT(java.lang.String,java.lang.String)[pri:0, instance:Amazon1.TC_2AmazonLogin@52bf72b5]" started-at="2025-06-22T13:00:12 EDT" name="loginwithDDT" data-provider="loginData1" finished-at="2025-06-22T13:01:40 EDT" duration-ms="88152" status="PASS">
          <params>
            <param index="0">
              <value>
                <![CDATA[]]>
              </value>
            </param>
            <param index="1">
              <value>
                <![CDATA[]]>
              </value>
            </param>
          </params>
          <reporter-output>
            <line>
              <![CDATA[Exception is handaled]]>
            </line>
            <line>
              <![CDATA[Exception is Handeled]]>
            </line>
            <line>
              <![CDATA[Exception is Handeled]]>
            </line>
            <line>
              <![CDATA[Exception is Handeled]]>
            </line>
            <line>
              <![CDATA[Test case passed: loginwithDDT]]>
            </line>
          </reporter-output>
        </test-method> <!-- loginwithDDT -->
        <test-method is-config="true" signature="browserQuit()[pri:0, instance:Amazon1.TC_2AmazonLogin@52bf72b5]" started-at="2025-06-22T13:01:40 EDT" name="browserQuit" finished-at="2025-06-22T13:01:41 EDT" duration-ms="1355" status="PASS">
          <reporter-output>
          </reporter-output>
        </test-method> <!-- browserQuit -->
      </class> <!-- Amazon1.TC_2AmazonLogin -->
      <class name="Amazon1.TC_13ApplyCoupenCode">
        <test-method is-config="true" signature="browserLaunch(java.lang.String)[pri:0, instance:Amazon1.TC_13ApplyCoupenCode@595b007d]" started-at="2025-06-22T13:04:57 EDT" name="browserLaunch" finished-at="2025-06-22T13:04:59 EDT" duration-ms="2387" status="PASS">
          <params>
            <param index="0">
              <value>
                <![CDATA[Chrome]]>
              </value>
            </param>
          </params>
          <reporter-output>
            <line>
              <![CDATA[Chrome browser is launched succesfully]]>
            </line>
          </reporter-output>
        </test-method> <!-- browserLaunch -->
        <test-method signature="OrderingProuctWithCoupenCode(java.lang.String,java.lang.String)[pri:0, instance:Amazon1.TC_13ApplyCoupenCode@595b007d]" started-at="2025-06-22T13:04:59 EDT" name="OrderingProuctWithCoupenCode" data-provider="loginData1" finished-at="2025-06-22T13:07:54 EDT" duration-ms="174765" status="PASS">
          <params>
            <param index="0">
              <value>
                <![CDATA[]]>
              </value>
            </param>
            <param index="1">
              <value>
                <![CDATA[]]>
              </value>
            </param>
          </params>
          <reporter-output>
            <line>
              <![CDATA[Exception is handaled]]>
            </line>
            <line>
              <![CDATA[Exception is Handeled]]>
            </line>
            <line>
              <![CDATA[Exception is Handeled]]>
            </line>
            <line>
              <![CDATA[Exception is Handeled]]>
            </line>
            <line>
              <![CDATA[Exception is Handeled]]>
            </line>
            <line>
              <![CDATA[Exception is Handaled]]>
            </line>
            <line>
              <![CDATA[Exception is handeled]]>
            </line>
            <line>
              <![CDATA[Test case passed: OrderingProuctWithCoupenCode]]>
            </line>
          </reporter-output>
        </test-method> <!-- OrderingProuctWithCoupenCode -->
        <test-method is-config="true" signature="browserQuit()[pri:0, instance:Amazon1.TC_13ApplyCoupenCode@595b007d]" started-at="2025-06-22T13:07:54 EDT" name="browserQuit" finished-at="2025-06-22T13:07:55 EDT" duration-ms="849" status="PASS">
          <reporter-output>
          </reporter-output>
        </test-method> <!-- browserQuit -->
      </class> <!-- Amazon1.TC_13ApplyCoupenCode -->
      <class name="Amazon1.TC_8ProductSort">
        <test-method is-config="true" signature="browserLaunch(java.lang.String)[pri:0, instance:Amazon1.TC_8ProductSort@6ae5aa72]" started-at="2025-06-22T13:02:19 EDT" name="browserLaunch" finished-at="2025-06-22T13:02:22 EDT" duration-ms="2698" status="PASS">
          <params>
            <param index="0">
              <value>
                <![CDATA[Chrome]]>
              </value>
            </param>
          </params>
          <reporter-output>
            <line>
              <![CDATA[Chrome browser is launched succesfully]]>
            </line>
          </reporter-output>
        </test-method> <!-- browserLaunch -->
        <test-method signature="loginwithDDT(java.lang.String,java.lang.String)[pri:0, instance:Amazon1.TC_8ProductSort@6ae5aa72]" started-at="2025-06-22T13:02:22 EDT" name="loginwithDDT" data-provider="loginData1" finished-at="2025-06-22T13:04:56 EDT" duration-ms="154577" status="PASS">
          <params>
            <param index="0">
              <value>
                <![CDATA[]]>
              </value>
            </param>
            <param index="1">
              <value>
                <![CDATA[]]>
              </value>
            </param>
          </params>
          <reporter-output>
            <line>
              <![CDATA[Exception is handaled]]>
            </line>
            <line>
              <![CDATA[Exception is Handeled]]>
            </line>
            <line>
              <![CDATA[Exception is Handeled]]>
            </line>
            <line>
              <![CDATA[Exception is Handeled]]>
            </line>
            <line>
              <![CDATA[Exception is Handeled]]>
            </line>
            <line>
              <![CDATA[Exception is Handaled]]>
            </line>
            <line>
              <![CDATA[Exception is Handaled]]>
            </line>
            <line>
              <![CDATA[Test case passed: loginwithDDT]]>
            </line>
          </reporter-output>
        </test-method> <!-- loginwithDDT -->
        <test-method is-config="true" signature="browserQuit()[pri:0, instance:Amazon1.TC_8ProductSort@6ae5aa72]" started-at="2025-06-22T13:04:56 EDT" name="browserQuit" finished-at="2025-06-22T13:04:57 EDT" duration-ms="737" status="PASS">
          <reporter-output>
          </reporter-output>
        </test-method> <!-- browserQuit -->
      </class> <!-- Amazon1.TC_8ProductSort -->
      <class name="Amazon1.TC_4EditYourProfile">
        <test-method is-config="true" signature="browserLaunch(java.lang.String)[pri:0, instance:Amazon1.TC_4EditYourProfile@515aebb0]" started-at="2025-06-22T13:00:03 EDT" name="browserLaunch" finished-at="2025-06-22T13:00:13 EDT" duration-ms="9291" status="PASS">
          <params>
            <param index="0">
              <value>
                <![CDATA[Chrome]]>
              </value>
            </param>
          </params>
          <reporter-output>
            <line>
              <![CDATA[Chrome browser is launched succesfully]]>
            </line>
          </reporter-output>
        </test-method> <!-- browserLaunch -->
        <test-method signature="loginwithDDT(java.lang.String,java.lang.String)[pri:0, instance:Amazon1.TC_4EditYourProfile@515aebb0]" started-at="2025-06-22T13:00:13 EDT" name="loginwithDDT" data-provider="loginData1" finished-at="2025-06-22T13:03:11 EDT" duration-ms="178774" status="PASS">
          <params>
            <param index="0">
              <value>
                <![CDATA[]]>
              </value>
            </param>
            <param index="1">
              <value>
                <![CDATA[]]>
              </value>
            </param>
          </params>
          <reporter-output>
            <line>
              <![CDATA[Exception is handaled]]>
            </line>
            <line>
              <![CDATA[Exception is Handeled]]>
            </line>
            <line>
              <![CDATA[Exception is Handeled]]>
            </line>
            <line>
              <![CDATA[Exception is Handeled]]>
            </line>
            <line>
              <![CDATA[Exception is handaled]]>
            </line>
            <line>
              <![CDATA[Exception is handeled]]>
            </line>
            <line>
              <![CDATA[Exception is handeled]]>
            </line>
            <line>
              <![CDATA[Exception is handeled]]>
            </line>
            <line>
              <![CDATA[Test case passed: loginwithDDT]]>
            </line>
          </reporter-output>
        </test-method> <!-- loginwithDDT -->
        <test-method is-config="true" signature="browserQuit()[pri:0, instance:Amazon1.TC_4EditYourProfile@515aebb0]" started-at="2025-06-22T13:03:11 EDT" name="browserQuit" finished-at="2025-06-22T13:03:12 EDT" duration-ms="874" status="PASS">
          <reporter-output>
          </reporter-output>
        </test-method> <!-- browserQuit -->
      </class> <!-- Amazon1.TC_4EditYourProfile -->
      <class name="Amazon1.TC_10ItemUpdateRemove">
        <test-method is-config="true" signature="browserLaunch(java.lang.String)[pri:0, instance:Amazon1.TC_10ItemUpdateRemove@5c5eefef]" started-at="2025-06-22T13:03:12 EDT" name="browserLaunch" finished-at="2025-06-22T13:03:15 EDT" duration-ms="2530" status="PASS">
          <params>
            <param index="0">
              <value>
                <![CDATA[Chrome]]>
              </value>
            </param>
          </params>
          <reporter-output>
            <line>
              <![CDATA[Chrome browser is launched succesfully]]>
            </line>
          </reporter-output>
        </test-method> <!-- browserLaunch -->
        <test-method signature="addRemoveproduct(java.lang.String,java.lang.String)[pri:0, instance:Amazon1.TC_10ItemUpdateRemove@5c5eefef]" started-at="2025-06-22T13:03:15 EDT" name="addRemoveproduct" data-provider="loginData1" finished-at="2025-06-22T13:06:31 EDT" duration-ms="196410" status="PASS">
          <params>
            <param index="0">
              <value>
                <![CDATA[]]>
              </value>
            </param>
            <param index="1">
              <value>
                <![CDATA[]]>
              </value>
            </param>
          </params>
          <reporter-output>
            <line>
              <![CDATA[Exception is handaled]]>
            </line>
            <line>
              <![CDATA[Exception is Handeled]]>
            </line>
            <line>
              <![CDATA[Exception is Handeled]]>
            </line>
            <line>
              <![CDATA[Exception is Handeled]]>
            </line>
            <line>
              <![CDATA[Exception is Handeled]]>
            </line>
            <line>
              <![CDATA[Exception is Handaled]]>
            </line>
            <line>
              <![CDATA[Exception is handeled]]>
            </line>
            <line>
              <![CDATA[Exception is handeled]]>
            </line>
            <line>
              <![CDATA[Test case passed: addRemoveproduct]]>
            </line>
          </reporter-output>
        </test-method> <!-- addRemoveproduct -->
        <test-method is-config="true" signature="browserQuit()[pri:0, instance:Amazon1.TC_10ItemUpdateRemove@5c5eefef]" started-at="2025-06-22T13:06:31 EDT" name="browserQuit" finished-at="2025-06-22T13:06:33 EDT" duration-ms="1363" status="PASS">
          <reporter-output>
          </reporter-output>
        </test-method> <!-- browserQuit -->
      </class> <!-- Amazon1.TC_10ItemUpdateRemove -->
      <class name="Amazon1.TC_5AmazonSearchProduct">
        <test-method is-config="true" signature="browserLaunch(java.lang.String)[pri:0, instance:Amazon1.TC_5AmazonSearchProduct@dd8ba08]" started-at="2025-06-22T13:00:03 EDT" name="browserLaunch" finished-at="2025-06-22T13:00:22 EDT" duration-ms="18225" status="PASS">
          <params>
            <param index="0">
              <value>
                <![CDATA[Chrome]]>
              </value>
            </param>
          </params>
          <reporter-output>
            <line>
              <![CDATA[Chrome browser is launched succesfully]]>
            </line>
          </reporter-output>
        </test-method> <!-- browserLaunch -->
        <test-method signature="loginwithDDT(java.lang.String,java.lang.String)[pri:0, instance:Amazon1.TC_5AmazonSearchProduct@dd8ba08]" started-at="2025-06-22T13:00:22 EDT" name="loginwithDDT" data-provider="loginData1" finished-at="2025-06-22T13:02:18 EDT" duration-ms="116497" status="PASS">
          <params>
            <param index="0">
              <value>
                <![CDATA[]]>
              </value>
            </param>
            <param index="1">
              <value>
                <![CDATA[]]>
              </value>
            </param>
          </params>
          <reporter-output>
            <line>
              <![CDATA[Exception is handaled]]>
            </line>
            <line>
              <![CDATA[Exception is Handeled]]>
            </line>
            <line>
              <![CDATA[Exception is Handeled]]>
            </line>
            <line>
              <![CDATA[Exception is Handeled]]>
            </line>
            <line>
              <![CDATA[Exception is Handeled]]>
            </line>
            <line>
              <![CDATA[Test case passed: loginwithDDT]]>
            </line>
          </reporter-output>
        </test-method> <!-- loginwithDDT -->
        <test-method is-config="true" signature="browserQuit()[pri:0, instance:Amazon1.TC_5AmazonSearchProduct@dd8ba08]" started-at="2025-06-22T13:02:18 EDT" name="browserQuit" finished-at="2025-06-22T13:02:19 EDT" duration-ms="794" status="PASS">
          <reporter-output>
          </reporter-output>
        </test-method> <!-- browserQuit -->
      </class> <!-- Amazon1.TC_5AmazonSearchProduct -->
      <class name="Amazon1.TC_1AmazonRegistration">
        <test-method signature="registration(java.lang.String,java.lang.String,java.lang.String,java.lang.String)[pri:0, instance:Amazon1.TC_1AmazonRegistration@441772e]" started-at="2025-06-22T13:00:02 EDT" name="registration" data-provider="loginData1" finished-at="2025-06-22T13:00:03 EDT" duration-ms="918" status="FAIL">
          <exception class="org.testng.internal.reflect.MethodMatcherException">
            <message>
              <![CDATA[
[public void Amazon1.TC_1AmazonRegistration.registration(java.lang.String,java.lang.String,java.lang.String,java.lang.String) throws java.lang.InterruptedException] has no parameters defined but was found to be using a data provider (either explicitly specified or inherited from class level annotation).
Data provider mismatch
Method: registration([java.lang.String arg0, java.lang.String arg1, java.lang.String arg2, java.lang.String arg3])
Arguments: [(java.lang.String) ,(java.lang.String) 0,(java.lang.String) ]]]>
            </message>
            <full-stacktrace>
              <![CDATA[org.testng.internal.reflect.MethodMatcherException: 
[public void Amazon1.TC_1AmazonRegistration.registration(java.lang.String,java.lang.String,java.lang.String,java.lang.String) throws java.lang.InterruptedException] has no parameters defined but was found to be using a data provider (either explicitly specified or inherited from class level annotation).
Data provider mismatch
Method: registration([java.lang.String arg0, java.lang.String arg1, java.lang.String arg2, java.lang.String arg3])
Arguments: [(java.lang.String) ,(java.lang.String) 0,(java.lang.String) ]
at org.testng.internal.reflect.DataProviderMethodMatcher.getConformingArguments(DataProviderMethodMatcher.java:46)
at org.testng.internal.Parameters.injectParameters(Parameters.java:915)
at org.testng.internal.invokers.MethodRunner.runInSequence(MethodRunner.java:50)
at org.testng.internal.invokers.TestInvoker$MethodInvocationAgent.invoke(TestInvoker.java:992)
at org.testng.internal.invokers.TestInvoker.invokeTestMethods(TestInvoker.java:203)
at org.testng.internal.invokers.TestMethodWorker.invokeTestMethods(TestMethodWorker.java:154)
at org.testng.internal.invokers.TestMethodWorker.run(TestMethodWorker.java:134)
at java.base/java.util.concurrent.Executors$RunnableAdapter.call(Executors.java:539)
at java.base/java.util.concurrent.FutureTask.run(FutureTask.java:264)
at org.testng.internal.thread.graph.TestNGFutureTask.run(TestNGFutureTask.java:22)
at java.base/java.util.concurrent.ThreadPoolExecutor.runWorker(ThreadPoolExecutor.java:1136)
at java.base/java.util.concurrent.ThreadPoolExecutor$Worker.run(ThreadPoolExecutor.java:635)
at java.base/java.lang.Thread.run(Thread.java:842)
]]>
            </full-stacktrace>
          </exception> <!-- org.testng.internal.reflect.MethodMatcherException -->
          <reporter-output>
          </reporter-output>
        </test-method> <!-- registration -->
      </class> <!-- Amazon1.TC_1AmazonRegistration -->
      <class name="Amazon1.TC_12CheckEachPaymentMethod">
        <test-method is-config="true" signature="browserLaunch(java.lang.String)[pri:0, instance:Amazon1.TC_12CheckEachPaymentMethod@5158b42f]" started-at="2025-06-22T13:04:22 EDT" name="browserLaunch" finished-at="2025-06-22T13:04:23 EDT" duration-ms="1868" status="PASS">
          <params>
            <param index="0">
              <value>
                <![CDATA[Chrome]]>
              </value>
            </param>
          </params>
          <reporter-output>
            <line>
              <![CDATA[Chrome browser is launched succesfully]]>
            </line>
          </reporter-output>
        </test-method> <!-- browserLaunch -->
        <test-method signature="paymentMethodValidation(java.lang.String,java.lang.String)[pri:0, instance:Amazon1.TC_12CheckEachPaymentMethod@5158b42f]" started-at="2025-06-22T13:04:23 EDT" name="paymentMethodValidation" data-provider="loginData1" finished-at="2025-06-22T13:08:31 EDT" duration-ms="247329" status="PASS">
          <params>
            <param index="0">
              <value>
                <![CDATA[]]>
              </value>
            </param>
            <param index="1">
              <value>
                <![CDATA[]]>
              </value>
            </param>
          </params>
          <reporter-output>
            <line>
              <![CDATA[Exception is Handeled]]>
            </line>
            <line>
              <![CDATA[Exception is Handeled]]>
            </line>
            <line>
              <![CDATA[Exception is Handeled]]>
            </line>
            <line>
              <![CDATA[Exception is Handeled]]>
            </line>
            <line>
              <![CDATA[Exception is Handaled]]>
            </line>
            <line>
              <![CDATA[Exception is handeled]]>
            </line>
            <line>
              <![CDATA[Test case passed: paymentMethodValidation]]>
            </line>
          </reporter-output>
        </test-method> <!-- paymentMethodValidation -->
        <test-method is-config="true" signature="browserQuit()[pri:0, instance:Amazon1.TC_12CheckEachPaymentMethod@5158b42f]" started-at="2025-06-22T13:08:31 EDT" name="browserQuit" finished-at="2025-06-22T13:08:32 EDT" duration-ms="1581" status="PASS">
          <reporter-output>
          </reporter-output>
        </test-method> <!-- browserQuit -->
      </class> <!-- Amazon1.TC_12CheckEachPaymentMethod -->
      <class name="Amazon1.TC_14_5StarRatingOnLastOrderProduct">
        <test-method is-config="true" signature="browserLaunch(java.lang.String)[pri:0, instance:Amazon1.TC_14_5StarRatingOnLastOrderProduct@72d1ad2e]" started-at="2025-06-22T13:05:39 EDT" name="browserLaunch" finished-at="2025-06-22T13:05:41 EDT" duration-ms="2566" status="PASS">
          <params>
            <param index="0">
              <value>
                <![CDATA[Chrome]]>
              </value>
            </param>
          </params>
          <reporter-output>
            <line>
              <![CDATA[Chrome browser is launched succesfully]]>
            </line>
          </reporter-output>
        </test-method> <!-- browserLaunch -->
        <test-method signature="givingRatingforLastOrder(java.lang.String,java.lang.String)[pri:0, instance:Amazon1.TC_14_5StarRatingOnLastOrderProduct@72d1ad2e]" started-at="2025-06-22T13:05:41 EDT" name="givingRatingforLastOrder" data-provider="loginData1" finished-at="2025-06-22T13:08:08 EDT" duration-ms="146116" status="PASS">
          <params>
            <param index="0">
              <value>
                <![CDATA[]]>
              </value>
            </param>
            <param index="1">
              <value>
                <![CDATA[]]>
              </value>
            </param>
          </params>
          <reporter-output>
            <line>
              <![CDATA[Exception is handaled]]>
            </line>
            <line>
              <![CDATA[Exception is Handeled]]>
            </line>
            <line>
              <![CDATA[Exception is Handeled]]>
            </line>
            <line>
              <![CDATA[Exception is Handeled]]>
            </line>
            <line>
              <![CDATA[Test case passed: givingRatingforLastOrder]]>
            </line>
          </reporter-output>
        </test-method> <!-- givingRatingforLastOrder -->
        <test-method is-config="true" signature="browserQuit()[pri:0, instance:Amazon1.TC_14_5StarRatingOnLastOrderProduct@72d1ad2e]" started-at="2025-06-22T13:08:08 EDT" name="browserQuit" finished-at="2025-06-22T13:08:08 EDT" duration-ms="808" status="PASS">
          <reporter-output>
          </reporter-output>
        </test-method> <!-- browserQuit -->
      </class> <!-- Amazon1.TC_14_5StarRatingOnLastOrderProduct -->
      <class name="Amazon1.TC_6Filters">
        <test-method is-config="true" signature="browserLaunch(java.lang.String)[pri:0, instance:Amazon1.TC_6Filters@245b4bdc]" started-at="2025-06-22T13:00:03 EDT" name="browserLaunch" finished-at="2025-06-22T13:00:09 EDT" duration-ms="6111" status="PASS">
          <params>
            <param index="0">
              <value>
                <![CDATA[Chrome]]>
              </value>
            </param>
          </params>
          <reporter-output>
            <line>
              <![CDATA[Chrome browser is launched succesfully]]>
            </line>
          </reporter-output>
        </test-method> <!-- browserLaunch -->
        <test-method signature="applyingFilters(java.lang.String,java.lang.String)[pri:0, instance:Amazon1.TC_6Filters@245b4bdc]" started-at="2025-06-22T13:00:09 EDT" name="applyingFilters" data-provider="loginData1" finished-at="2025-06-22T13:03:08 EDT" duration-ms="178895" status="PASS">
          <params>
            <param index="0">
              <value>
                <![CDATA[]]>
              </value>
            </param>
            <param index="1">
              <value>
                <![CDATA[]]>
              </value>
            </param>
          </params>
          <reporter-output>
            <line>
              <![CDATA[Exception is Handeled]]>
            </line>
            <line>
              <![CDATA[Exception is Handeled]]>
            </line>
            <line>
              <![CDATA[Exception is Handeled]]>
            </line>
            <line>
              <![CDATA[Exception is Handeled]]>
            </line>
            <line>
              <![CDATA[Exception is handeled]]>
            </line>
            <line>
              <![CDATA[Exception is handeled]]>
            </line>
            <line>
              <![CDATA[Exception is handeled]]>
            </line>
            <line>
              <![CDATA[Test case passed: applyingFilters]]>
            </line>
          </reporter-output>
        </test-method> <!-- applyingFilters -->
        <test-method is-config="true" signature="browserQuit()[pri:0, instance:Amazon1.TC_6Filters@245b4bdc]" started-at="2025-06-22T13:03:08 EDT" name="browserQuit" finished-at="2025-06-22T13:03:09 EDT" duration-ms="873" status="PASS">
          <reporter-output>
          </reporter-output>
        </test-method> <!-- browserQuit -->
      </class> <!-- Amazon1.TC_6Filters -->
      <class name="Amazon1.TC_3AmazonLoginFail">
        <test-method is-config="true" signature="browserLaunch(java.lang.String)[pri:0, instance:Amazon1.TC_3AmazonLoginFail@37afeb11]" started-at="2025-06-22T13:00:03 EDT" name="browserLaunch" finished-at="2025-06-22T13:00:10 EDT" duration-ms="6454" status="PASS">
          <params>
            <param index="0">
              <value>
                <![CDATA[Chrome]]>
              </value>
            </param>
          </params>
          <reporter-output>
            <line>
              <![CDATA[Chrome browser is launched succesfully]]>
            </line>
          </reporter-output>
        </test-method> <!-- browserLaunch -->
        <test-method retried="true" signature="loginWithInvalidEmail(java.lang.String,java.lang.String)[pri:0, instance:Amazon1.TC_3AmazonLoginFail@37afeb11]" started-at="2025-06-22T13:00:10 EDT" name="loginWithInvalidEmail" data-provider="loginData1" finished-at="2025-06-22T13:01:15 EDT" duration-ms="65722" status="SKIP">
          <params>
            <param index="0">
              <value>
                <![CDATA[anujagaikwad86@gmail.com]]>
              </value>
            </param>
            <param index="1">
              <value>
                <![CDATA[anuja@89]]>
              </value>
            </param>
          </params>
          <exception class="java.lang.NullPointerException">
            <message>
              <![CDATA[Cannot invoke "org.openqa.selenium.WebDriver.getClass()" because "exceptionDriver" is null]]>
            </message>
            <full-stacktrace>
              <![CDATA[java.lang.NullPointerException: Cannot invoke "org.openqa.selenium.WebDriver.getClass()" because "exceptionDriver" is null
at org.openqa.selenium.support.ui.WebDriverWait.timeoutException(WebDriverWait.java:85)
at org.openqa.selenium.support.ui.FluentWait.until(FluentWait.java:228)
at Amazon1.AmazonHomeLoginPage.verifyAccountInvalid(AmazonHomeLoginPage.java:189)
at Amazon1.TC_3AmazonLoginFail.loginWithInvalidEmail(TC_3AmazonLoginFail.java:30)
at java.base/jdk.internal.reflect.NativeMethodAccessorImpl.invoke0(Native Method)
at java.base/jdk.internal.reflect.NativeMethodAccessorImpl.invoke(NativeMethodAccessorImpl.java:77)
at java.base/jdk.internal.reflect.DelegatingMethodAccessorImpl.invoke(DelegatingMethodAccessorImpl.java:43)
at java.base/java.lang.reflect.Method.invoke(Method.java:568)
at org.testng.internal.invokers.MethodInvocationHelper.invokeMethod(MethodInvocationHelper.java:141)
at org.testng.internal.invokers.TestInvoker.invokeMethod(TestInvoker.java:686)
at org.testng.internal.invokers.TestInvoker.invokeTestMethod(TestInvoker.java:230)
at org.testng.internal.invokers.MethodRunner.runInSequence(MethodRunner.java:63)
at org.testng.internal.invokers.TestInvoker$MethodInvocationAgent.invoke(TestInvoker.java:992)
at org.testng.internal.invokers.TestInvoker.invokeTestMethods(TestInvoker.java:203)
at org.testng.internal.invokers.TestMethodWorker.invokeTestMethods(TestMethodWorker.java:154)
at org.testng.internal.invokers.TestMethodWorker.run(TestMethodWorker.java:134)
at java.base/java.util.concurrent.Executors$RunnableAdapter.call(Executors.java:539)
at java.base/java.util.concurrent.FutureTask.run(FutureTask.java:264)
at org.testng.internal.thread.graph.TestNGFutureTask.run(TestNGFutureTask.java:22)
at java.base/java.util.concurrent.ThreadPoolExecutor.runWorker(ThreadPoolExecutor.java:1136)
at java.base/java.util.concurrent.ThreadPoolExecutor$Worker.run(ThreadPoolExecutor.java:635)
at java.base/java.lang.Thread.run(Thread.java:842)
]]>
            </full-stacktrace>
          </exception> <!-- java.lang.NullPointerException -->
          <reporter-output>
            <line>
              <![CDATA[Invalid Username is entered]]>
            </line>
            <line>
              <![CDATA[Invalid Password is entered]]>
            </line>
            <line>
              <![CDATA[Exception is Handeled]]>
            </line>
          </reporter-output>
        </test-method> <!-- loginWithInvalidEmail -->
        <test-method is-config="true" signature="browserQuit()[pri:0, instance:Amazon1.TC_3AmazonLoginFail@37afeb11]" started-at="2025-06-22T13:01:16 EDT" name="browserQuit" finished-at="2025-06-22T13:01:17 EDT" duration-ms="1215" status="PASS">
          <reporter-output>
          </reporter-output>
        </test-method> <!-- browserQuit -->
        <test-method is-config="true" signature="browserLaunch(java.lang.String)[pri:0, instance:Amazon1.TC_3AmazonLoginFail@37afeb11]" started-at="2025-06-22T13:01:17 EDT" name="browserLaunch" finished-at="2025-06-22T13:01:19 EDT" duration-ms="2176" status="PASS">
          <params>
            <param index="0">
              <value>
                <![CDATA[Chrome]]>
              </value>
            </param>
          </params>
          <reporter-output>
            <line>
              <![CDATA[Chrome browser is launched succesfully]]>
            </line>
          </reporter-output>
        </test-method> <!-- browserLaunch -->
        <test-method retried="true" signature="loginWithInvalidEmail(java.lang.String,java.lang.String)[pri:0, instance:Amazon1.TC_3AmazonLoginFail@37afeb11]" started-at="2025-06-22T13:01:19 EDT" name="loginWithInvalidEmail" data-provider="loginData1" finished-at="2025-06-22T13:02:11 EDT" duration-ms="51783" status="SKIP">
          <params>
            <param index="0">
              <value>
                <![CDATA[anujagaikwad86@gmail.com]]>
              </value>
            </param>
            <param index="1">
              <value>
                <![CDATA[anuja@89]]>
              </value>
            </param>
          </params>
          <exception class="java.lang.NullPointerException">
            <message>
              <![CDATA[Cannot invoke "org.openqa.selenium.WebDriver.getClass()" because "exceptionDriver" is null]]>
            </message>
            <full-stacktrace>
              <![CDATA[java.lang.NullPointerException: Cannot invoke "org.openqa.selenium.WebDriver.getClass()" because "exceptionDriver" is null
at org.openqa.selenium.support.ui.WebDriverWait.timeoutException(WebDriverWait.java:85)
at org.openqa.selenium.support.ui.FluentWait.until(FluentWait.java:228)
at Amazon1.AmazonHomeLoginPage.verifyAccountInvalid(AmazonHomeLoginPage.java:189)
at Amazon1.TC_3AmazonLoginFail.loginWithInvalidEmail(TC_3AmazonLoginFail.java:30)
at java.base/jdk.internal.reflect.NativeMethodAccessorImpl.invoke0(Native Method)
at java.base/jdk.internal.reflect.NativeMethodAccessorImpl.invoke(NativeMethodAccessorImpl.java:77)
at java.base/jdk.internal.reflect.DelegatingMethodAccessorImpl.invoke(DelegatingMethodAccessorImpl.java:43)
at java.base/java.lang.reflect.Method.invoke(Method.java:568)
at org.testng.internal.invokers.MethodInvocationHelper.invokeMethod(MethodInvocationHelper.java:141)
at org.testng.internal.invokers.TestInvoker.invokeMethod(TestInvoker.java:686)
at org.testng.internal.invokers.TestInvoker.retryFailed(TestInvoker.java:269)
at org.testng.internal.invokers.MethodRunner.runInSequence(MethodRunner.java:76)
at org.testng.internal.invokers.TestInvoker$MethodInvocationAgent.invoke(TestInvoker.java:992)
at org.testng.internal.invokers.TestInvoker.invokeTestMethods(TestInvoker.java:203)
at org.testng.internal.invokers.TestMethodWorker.invokeTestMethods(TestMethodWorker.java:154)
at org.testng.internal.invokers.TestMethodWorker.run(TestMethodWorker.java:134)
at java.base/java.util.concurrent.Executors$RunnableAdapter.call(Executors.java:539)
at java.base/java.util.concurrent.FutureTask.run(FutureTask.java:264)
at org.testng.internal.thread.graph.TestNGFutureTask.run(TestNGFutureTask.java:22)
at java.base/java.util.concurrent.ThreadPoolExecutor.runWorker(ThreadPoolExecutor.java:1136)
at java.base/java.util.concurrent.ThreadPoolExecutor$Worker.run(ThreadPoolExecutor.java:635)
at java.base/java.lang.Thread.run(Thread.java:842)
]]>
            </full-stacktrace>
          </exception> <!-- java.lang.NullPointerException -->
          <reporter-output>
            <line>
              <![CDATA[Invalid Username is entered]]>
            </line>
            <line>
              <![CDATA[Invalid Password is entered]]>
            </line>
            <line>
              <![CDATA[Exception is Handeled]]>
            </line>
          </reporter-output>
        </test-method> <!-- loginWithInvalidEmail -->
        <test-method is-config="true" signature="browserQuit()[pri:0, instance:Amazon1.TC_3AmazonLoginFail@37afeb11]" started-at="2025-06-22T13:02:11 EDT" name="browserQuit" finished-at="2025-06-22T13:02:12 EDT" duration-ms="821" status="PASS">
          <reporter-output>
          </reporter-output>
        </test-method> <!-- browserQuit -->
        <test-method is-config="true" signature="browserLaunch(java.lang.String)[pri:0, instance:Amazon1.TC_3AmazonLoginFail@37afeb11]" started-at="2025-06-22T13:02:12 EDT" name="browserLaunch" finished-at="2025-06-22T13:02:15 EDT" duration-ms="3310" status="PASS">
          <params>
            <param index="0">
              <value>
                <![CDATA[Chrome]]>
              </value>
            </param>
          </params>
          <reporter-output>
            <line>
              <![CDATA[Chrome browser is launched succesfully]]>
            </line>
          </reporter-output>
        </test-method> <!-- browserLaunch -->
        <test-method signature="loginWithInvalidEmail(java.lang.String,java.lang.String)[pri:0, instance:Amazon1.TC_3AmazonLoginFail@37afeb11]" started-at="2025-06-22T13:02:15 EDT" name="loginWithInvalidEmail" data-provider="loginData1" finished-at="2025-06-22T13:03:14 EDT" duration-ms="59545" status="FAIL">
          <params>
            <param index="0">
              <value>
                <![CDATA[anujagaikwad86@gmail.com]]>
              </value>
            </param>
            <param index="1">
              <value>
                <![CDATA[anuja@89]]>
              </value>
            </param>
          </params>
          <exception class="java.lang.NullPointerException">
            <message>
              <![CDATA[Cannot invoke "org.openqa.selenium.WebDriver.getClass()" because "exceptionDriver" is null]]>
            </message>
            <full-stacktrace>
              <![CDATA[java.lang.NullPointerException: Cannot invoke "org.openqa.selenium.WebDriver.getClass()" because "exceptionDriver" is null
at org.openqa.selenium.support.ui.WebDriverWait.timeoutException(WebDriverWait.java:85)
at org.openqa.selenium.support.ui.FluentWait.until(FluentWait.java:228)
at Amazon1.AmazonHomeLoginPage.verifyAccountInvalid(AmazonHomeLoginPage.java:189)
at Amazon1.TC_3AmazonLoginFail.loginWithInvalidEmail(TC_3AmazonLoginFail.java:30)
at java.base/jdk.internal.reflect.NativeMethodAccessorImpl.invoke0(Native Method)
at java.base/jdk.internal.reflect.NativeMethodAccessorImpl.invoke(NativeMethodAccessorImpl.java:77)
at java.base/jdk.internal.reflect.DelegatingMethodAccessorImpl.invoke(DelegatingMethodAccessorImpl.java:43)
at java.base/java.lang.reflect.Method.invoke(Method.java:568)
at org.testng.internal.invokers.MethodInvocationHelper.invokeMethod(MethodInvocationHelper.java:141)
at org.testng.internal.invokers.TestInvoker.invokeMethod(TestInvoker.java:686)
at org.testng.internal.invokers.TestInvoker.retryFailed(TestInvoker.java:269)
at org.testng.internal.invokers.MethodRunner.runInSequence(MethodRunner.java:76)
at org.testng.internal.invokers.TestInvoker$MethodInvocationAgent.invoke(TestInvoker.java:992)
at org.testng.internal.invokers.TestInvoker.invokeTestMethods(TestInvoker.java:203)
at org.testng.internal.invokers.TestMethodWorker.invokeTestMethods(TestMethodWorker.java:154)
at org.testng.internal.invokers.TestMethodWorker.run(TestMethodWorker.java:134)
at java.base/java.util.concurrent.Executors$RunnableAdapter.call(Executors.java:539)
at java.base/java.util.concurrent.FutureTask.run(FutureTask.java:264)
at org.testng.internal.thread.graph.TestNGFutureTask.run(TestNGFutureTask.java:22)
at java.base/java.util.concurrent.ThreadPoolExecutor.runWorker(ThreadPoolExecutor.java:1136)
at java.base/java.util.concurrent.ThreadPoolExecutor$Worker.run(ThreadPoolExecutor.java:635)
at java.base/java.lang.Thread.run(Thread.java:842)
]]>
            </full-stacktrace>
          </exception> <!-- java.lang.NullPointerException -->
          <reporter-output>
            <line>
              <![CDATA[Exception is handaled]]>
            </line>
            <line>
              <![CDATA[Invalid Username is entered]]>
            </line>
            <line>
              <![CDATA[Invalid Password is entered]]>
            </line>
            <line>
              <![CDATA[Exception is Handeled]]>
            </line>
            <line>
              <![CDATA[Test case failed: loginWithInvalidEmail]]>
            </line>
          </reporter-output>
        </test-method> <!-- loginWithInvalidEmail -->
        <test-method is-config="true" signature="browserQuit()[pri:0, instance:Amazon1.TC_3AmazonLoginFail@37afeb11]" started-at="2025-06-22T13:03:14 EDT" name="browserQuit" finished-at="2025-06-22T13:03:16 EDT" duration-ms="1237" status="PASS">
          <reporter-output>
          </reporter-output>
        </test-method> <!-- browserQuit -->
      </class> <!-- Amazon1.TC_3AmazonLoginFail -->
      <class name="Amazon1.TC_11Checkout_AddressSelection">
        <test-method is-config="true" signature="browserLaunch(java.lang.String)[pri:0, instance:Amazon1.TC_11Checkout_AddressSelection@16293aa2]" started-at="2025-06-22T13:03:16 EDT" name="browserLaunch" finished-at="2025-06-22T13:03:19 EDT" duration-ms="3514" status="PASS">
          <params>
            <param index="0">
              <value>
                <![CDATA[Chrome]]>
              </value>
            </param>
          </params>
          <reporter-output>
            <line>
              <![CDATA[Chrome browser is launched succesfully]]>
            </line>
          </reporter-output>
        </test-method> <!-- browserLaunch -->
        <test-method signature="selectingAddressPaymentMethod(java.lang.String,java.lang.String)[pri:0, instance:Amazon1.TC_11Checkout_AddressSelection@16293aa2]" started-at="2025-06-22T13:03:19 EDT" name="selectingAddressPaymentMethod" data-provider="loginData1" finished-at="2025-06-22T13:06:54 EDT" duration-ms="214948" status="PASS">
          <params>
            <param index="0">
              <value>
                <![CDATA[]]>
              </value>
            </param>
            <param index="1">
              <value>
                <![CDATA[]]>
              </value>
            </param>
          </params>
          <reporter-output>
            <line>
              <![CDATA[Exception is handaled]]>
            </line>
            <line>
              <![CDATA[Exception is Handeled]]>
            </line>
            <line>
              <![CDATA[Exception is Handeled]]>
            </line>
            <line>
              <![CDATA[Exception is Handeled]]>
            </line>
            <line>
              <![CDATA[Exception is Handeled]]>
            </line>
            <line>
              <![CDATA[Exception is Handaled]]>
            </line>
            <line>
              <![CDATA[Exception is handaled]]>
            </line>
            <line>
              <![CDATA[Test case passed: selectingAddressPaymentMethod]]>
            </line>
          </reporter-output>
        </test-method> <!-- selectingAddressPaymentMethod -->
        <test-method is-config="true" signature="browserQuit()[pri:0, instance:Amazon1.TC_11Checkout_AddressSelection@16293aa2]" started-at="2025-06-22T13:06:54 EDT" name="browserQuit" finished-at="2025-06-22T13:06:55 EDT" duration-ms="1083" status="PASS">
          <reporter-output>
          </reporter-output>
        </test-method> <!-- browserQuit -->
      </class> <!-- Amazon1.TC_11Checkout_AddressSelection -->
      <class name="Amazon1.TC_9AddToCart">
        <test-method is-config="true" signature="browserLaunch(java.lang.String)[pri:0, instance:Amazon1.TC_9AddToCart@222545dc]" started-at="2025-06-22T13:03:09 EDT" name="browserLaunch" finished-at="2025-06-22T13:03:12 EDT" duration-ms="2345" status="PASS">
          <params>
            <param index="0">
              <value>
                <![CDATA[Chrome]]>
              </value>
            </param>
          </params>
          <reporter-output>
            <line>
              <![CDATA[Chrome browser is launched succesfully]]>
            </line>
          </reporter-output>
        </test-method> <!-- browserLaunch -->
        <test-method signature="loginwithDDT(java.lang.String,java.lang.String)[pri:0, instance:Amazon1.TC_9AddToCart@222545dc]" started-at="2025-06-22T13:03:12 EDT" name="loginwithDDT" data-provider="loginData1" finished-at="2025-06-22T13:05:38 EDT" duration-ms="146388" status="PASS">
          <params>
            <param index="0">
              <value>
                <![CDATA[]]>
              </value>
            </param>
            <param index="1">
              <value>
                <![CDATA[]]>
              </value>
            </param>
          </params>
          <reporter-output>
            <line>
              <![CDATA[Exception is handaled]]>
            </line>
            <line>
              <![CDATA[Exception is Handeled]]>
            </line>
            <line>
              <![CDATA[Exception is Handeled]]>
            </line>
            <line>
              <![CDATA[Exception is Handeled]]>
            </line>
            <line>
              <![CDATA[Exception is Handeled]]>
            </line>
            <line>
              <![CDATA[Exception is Handaled]]>
            </line>
            <line>
              <![CDATA[Exception is handaled]]>
            </line>
            <line>
              <![CDATA[Test case passed: loginwithDDT]]>
            </line>
          </reporter-output>
        </test-method> <!-- loginwithDDT -->
        <test-method is-config="true" signature="browserQuit()[pri:0, instance:Amazon1.TC_9AddToCart@222545dc]" started-at="2025-06-22T13:05:38 EDT" name="browserQuit" finished-at="2025-06-22T13:05:39 EDT" duration-ms="763" status="PASS">
          <reporter-output>
          </reporter-output>
        </test-method> <!-- browserQuit -->
      </class> <!-- Amazon1.TC_9AddToCart -->
      <class name="Amazon1.TC_15GoToCartWithOutLogin">
        <test-method is-config="true" signature="browserLaunch(java.lang.String)[pri:0, instance:Amazon1.TC_15GoToCartWithOutLogin@2d7275fc]" started-at="2025-06-22T13:06:33 EDT" name="browserLaunch" finished-at="2025-06-22T13:06:35 EDT" duration-ms="2275" status="PASS">
          <params>
            <param index="0">
              <value>
                <![CDATA[Chrome]]>
              </value>
            </param>
          </params>
          <reporter-output>
            <line>
              <![CDATA[Chrome browser is launched succesfully]]>
            </line>
          </reporter-output>
        </test-method> <!-- browserLaunch -->
        <test-method signature="GoingToCartwithoutLogin()[pri:0, instance:Amazon1.TC_15GoToCartWithOutLogin@2d7275fc]" started-at="2025-06-22T13:06:35 EDT" name="GoingToCartwithoutLogin" finished-at="2025-06-22T13:06:55 EDT" duration-ms="20307" status="PASS">
          <reporter-output>
            <line>
              <![CDATA[Exception is handaled]]>
            </line>
            <line>
              <![CDATA[Exception is Handaled]]>
            </line>
            <line>
              <![CDATA[Test case passed: GoingToCartwithoutLogin]]>
            </line>
          </reporter-output>
        </test-method> <!-- GoingToCartwithoutLogin -->
        <test-method is-config="true" signature="browserQuit()[pri:0, instance:Amazon1.TC_15GoToCartWithOutLogin@2d7275fc]" started-at="2025-06-22T13:06:55 EDT" name="browserQuit" finished-at="2025-06-22T13:06:56 EDT" duration-ms="791" status="PASS">
          <reporter-output>
          </reporter-output>
        </test-method> <!-- browserQuit -->
      </class> <!-- Amazon1.TC_15GoToCartWithOutLogin -->
      <class name="Amazon1.TC_7ProductPageInfo">
        <test-method is-config="true" signature="browserLaunch(java.lang.String)[pri:0, instance:Amazon1.TC_7ProductPageInfo@6c64cb25]" started-at="2025-06-22T13:01:41 EDT" name="browserLaunch" finished-at="2025-06-22T13:01:43 EDT" duration-ms="1811" status="PASS">
          <params>
            <param index="0">
              <value>
                <![CDATA[Chrome]]>
              </value>
            </param>
          </params>
          <reporter-output>
            <line>
              <![CDATA[Chrome browser is launched succesfully]]>
            </line>
          </reporter-output>
        </test-method> <!-- browserLaunch -->
        <test-method signature="loginwithDDT(java.lang.String,java.lang.String)[pri:0, instance:Amazon1.TC_7ProductPageInfo@6c64cb25]" started-at="2025-06-22T13:01:43 EDT" name="loginwithDDT" data-provider="loginData1" finished-at="2025-06-22T13:04:21 EDT" duration-ms="157539" status="PASS">
          <params>
            <param index="0">
              <value>
                <![CDATA[]]>
              </value>
            </param>
            <param index="1">
              <value>
                <![CDATA[]]>
              </value>
            </param>
          </params>
          <reporter-output>
            <line>
              <![CDATA[Exception is Handeled]]>
            </line>
            <line>
              <![CDATA[Exception is Handeled]]>
            </line>
            <line>
              <![CDATA[Exception is Handeled]]>
            </line>
            <line>
              <![CDATA[Exception is Handeled]]>
            </line>
            <line>
              <![CDATA[Exception is Handaled]]>
            </line>
            <line>
              <![CDATA[Test case passed: loginwithDDT]]>
            </line>
          </reporter-output>
        </test-method> <!-- loginwithDDT -->
        <test-method is-config="true" signature="browserQuit()[pri:0, instance:Amazon1.TC_7ProductPageInfo@6c64cb25]" started-at="2025-06-22T13:04:21 EDT" name="browserQuit" finished-at="2025-06-22T13:04:21 EDT" duration-ms="793" status="PASS">
          <reporter-output>
          </reporter-output>
        </test-method> <!-- browserQuit -->
      </class> <!-- Amazon1.TC_7ProductPageInfo -->
    </test> <!-- Test -->
  </suite> <!-- AmazonSuite -->
</testng-results>
