<?xml version="1.0" encoding="UTF-8"?>
<testng-results ignored="0" total="1" passed="1" failed="0" skipped="0">
  <reporter-output>
    <line>
      <![CDATA[Test execution started - Listener]]>
    </line>
    <line>
      <![CDATA[Edge browser is launched succesfully]]>
    </line>
    <line>
      <![CDATA[Test case passed: OrderingProuctWithCoupenCode]]>
    </line>
    <line>
      <![CDATA[Driver is null so screenshot not captured]]>
    </line>
  </reporter-output>
  <suite started-at="2025-07-05T20:57:24 EDT" name="Default suite" finished-at="2025-07-05T20:57:50 EDT" duration-ms="26361">
    <groups>
    </groups>
    <test started-at="2025-07-05T20:57:24 EDT" name="Default test" finished-at="2025-07-05T20:57:50 EDT" duration-ms="26361">
      <class name="Amazon1.TC_13ApplyCoupenCode">
        <test-method is-config="true" signature="browserLaunch(java.lang.String)[pri:0, instance:Amazon1.TC_13ApplyCoupenCode@7cc0cdad]" started-at="2025-07-05T20:57:24 EDT" name="browserLaunch" finished-at="2025-07-05T20:57:28 EDT" duration-ms="3449" status="PASS">
          <params>
            <param index="0">
              <value>
                <![CDATA[Edge]]>
              </value>
            </param>
          </params>
          <reporter-output>
            <line>
              <![CDATA[Edge browser is launched succesfully]]>
            </line>
          </reporter-output>
        </test-method> <!-- browserLaunch -->
        <test-method signature="OrderingProuctWithCoupenCode(java.lang.String,java.lang.String)[pri:0, instance:Amazon1.TC_13ApplyCoupenCode@7cc0cdad]" started-at="2025-07-05T20:57:28 EDT" name="OrderingProuctWithCoupenCode" data-provider="loginData1" finished-at="2025-07-05T20:57:50 EDT" duration-ms="22004" status="PASS">
          <params>
            <param index="0">
              <value>
                <![CDATA[anujagaikwad86@gmail.com]]>
              </value>
            </param>
            <param index="1">
              <value>
                <![CDATA[anuja@89]]>
              </value>
            </param>
          </params>
          <reporter-output>
            <line>
              <![CDATA[Test case passed: OrderingProuctWithCoupenCode]]>
            </line>
            <line>
              <![CDATA[Driver is null so screenshot not captured]]>
            </line>
          </reporter-output>
        </test-method> <!-- OrderingProuctWithCoupenCode -->
        <test-method is-config="true" signature="browserQuit()[pri:0, instance:Amazon1.TC_13ApplyCoupenCode@7cc0cdad]" started-at="2025-07-05T20:57:50 EDT" name="browserQuit" finished-at="2025-07-05T20:57:50 EDT" duration-ms="0" status="PASS">
          <reporter-output>
          </reporter-output>
        </test-method> <!-- browserQuit -->
      </class> <!-- Amazon1.TC_13ApplyCoupenCode -->
    </test> <!-- Default test -->
  </suite> <!-- Default suite -->
</testng-results>
