<?xml version="1.0" encoding="UTF-8"?>
<!-- Generated by org.testng.reporters.JUnitXMLReporter -->
<testsuite ignored="0" hostname="DESKTOP-2B05C2G" failures="2" tests="17" name="Test" time="509.944" errors="0" timestamp="2025-06-22T13:08:32 EDT">
  <testcase classname="Amazon1.TC_1AmazonRegistration" name="registration" time="0.918">
    <failure type="org.testng.internal.reflect.MethodMatcherException" message="
[public void Amazon1.TC_1AmazonRegistration.registration(java.lang.String,java.lang.String,java.lang.String,java.lang.String) throws java.lang.InterruptedException] has no parameters defined but was found to be using a data provider (either explicitly specified or inherited from class level annotation).
Data provider mismatch
Method: registration([java.lang.String arg0, java.lang.String arg1, java.lang.String arg2, java.lang.String arg3])
Arguments: [(java.lang.String) ,(java.lang.String) 0,(java.lang.String) ]">
      <![CDATA[org.testng.internal.reflect.MethodMatcherException: 
[public void Amazon1.TC_1AmazonRegistration.registration(java.lang.String,java.lang.String,java.lang.String,java.lang.String) throws java.lang.InterruptedException] has no parameters defined but was found to be using a data provider (either explicitly specified or inherited from class level annotation).
Data provider mismatch
Method: registration([java.lang.String arg0, java.lang.String arg1, java.lang.String arg2, java.lang.String arg3])
Arguments: [(java.lang.String) ,(java.lang.String) 0,(java.lang.String) ]
at java.base/java.util.concurrent.Executors$RunnableAdapter.call(Executors.java:539)
at java.base/java.util.concurrent.FutureTask.run(FutureTask.java:264)
at java.base/java.util.concurrent.ThreadPoolExecutor.runWorker(ThreadPoolExecutor.java:1136)
at java.base/java.util.concurrent.ThreadPoolExecutor$Worker.run(ThreadPoolExecutor.java:635)
at java.base/java.lang.Thread.run(Thread.java:842)
... Removed 8 stack frames]]>
    </failure>
  </testcase> <!-- registration -->
  <testcase classname="Amazon1.TC_3AmazonLoginFail" name="loginWithInvalidEmail" time="65.722">
    <skipped/>
  </testcase> <!-- loginWithInvalidEmail -->
  <testcase classname="Amazon1.TC_2AmazonLogin" name="loginwithDDT" time="88.152"/>
  <testcase classname="Amazon1.TC_3AmazonLoginFail" name="loginWithInvalidEmail" time="51.783">
    <skipped/>
  </testcase> <!-- loginWithInvalidEmail -->
  <testcase classname="Amazon1.TC_5AmazonSearchProduct" name="loginwithDDT" time="116.497"/>
  <testcase classname="Amazon1.TC_6Filters" name="applyingFilters" time="178.895"/>
  <testcase classname="Amazon1.TC_4EditYourProfile" name="loginwithDDT" time="178.774"/>
  <testcase classname="Amazon1.TC_3AmazonLoginFail" name="loginWithInvalidEmail" time="59.545">
    <failure type="java.lang.NullPointerException" message="Cannot invoke &amp;quot;org.openqa.selenium.WebDriver.getClass()&amp;quot; because &amp;quot;exceptionDriver&amp;quot; is null">
      <![CDATA[java.lang.NullPointerException: Cannot invoke "org.openqa.selenium.WebDriver.getClass()" because "exceptionDriver" is null
at org.openqa.selenium.support.ui.WebDriverWait.timeoutException(WebDriverWait.java:85)
at org.openqa.selenium.support.ui.FluentWait.until(FluentWait.java:228)
at Amazon1.AmazonHomeLoginPage.verifyAccountInvalid(AmazonHomeLoginPage.java:189)
at Amazon1.TC_3AmazonLoginFail.loginWithInvalidEmail(TC_3AmazonLoginFail.java:30)
at java.base/java.util.concurrent.Executors$RunnableAdapter.call(Executors.java:539)
at java.base/java.util.concurrent.FutureTask.run(FutureTask.java:264)
at java.base/java.util.concurrent.ThreadPoolExecutor.runWorker(ThreadPoolExecutor.java:1136)
at java.base/java.util.concurrent.ThreadPoolExecutor$Worker.run(ThreadPoolExecutor.java:635)
at java.base/java.lang.Thread.run(Thread.java:842)
... Removed 13 stack frames]]>
    </failure>
  </testcase> <!-- loginWithInvalidEmail -->
  <testcase classname="Amazon1.TC_7ProductPageInfo" name="loginwithDDT" time="157.539"/>
  <testcase classname="Amazon1.TC_8ProductSort" name="loginwithDDT" time="154.577"/>
  <testcase classname="Amazon1.TC_9AddToCart" name="loginwithDDT" time="146.388"/>
  <testcase classname="Amazon1.TC_10ItemUpdateRemove" name="addRemoveproduct" time="196.41"/>
  <testcase classname="Amazon1.TC_11Checkout_AddressSelection" name="selectingAddressPaymentMethod" time="214.948"/>
  <testcase classname="Amazon1.TC_15GoToCartWithOutLogin" name="GoingToCartwithoutLogin" time="20.307"/>
  <testcase classname="Amazon1.TC_13ApplyCoupenCode" name="OrderingProuctWithCoupenCode" time="174.765"/>
  <testcase classname="Amazon1.TC_14_5StarRatingOnLastOrderProduct" name="givingRatingforLastOrder" time="146.116"/>
  <testcase classname="Amazon1.TC_12CheckEachPaymentMethod" name="paymentMethodValidation" time="247.329"/>
</testsuite> <!-- Test -->
